[2022-08-23T15:09:51.962Z] [INFO] [MerchantConfig507410261] : "************************ LOGGING START ************************"
[2022-08-23T15:09:51.967Z] [INFO] [ApiClient15987679] : "Authentication Type : http_signature"
[2022-08-23T15:09:51.967Z] [INFO] [ApiClient15987679] : "Request Type : POST"
[2022-08-23T15:09:51.969Z] [INFO] [ApiClient15987679] : "signatureHeader : keyid=\"a2b782ee-08e7-40cd-b3e9-349124272b1c\", algorithm=\"HmacSHA256\", headers=\"host date (request-target) digest v-c-merchant-id\", signature=\"HsY4w/8rvXkZ8I3C6RKLlj4QJJ2oUnqVUwxuQfMw4xM=\""
[2022-08-23T15:09:51.970Z] [INFO] [ApiClient15987679] : "digest : SHA-256=HMUDMRl5jz7wwveJgfN84PzxV2WTijEcSF7rsp/k38g="
[2022-08-23T15:09:51.970Z] [INFO] [ApiClient15987679] : "v-c-merchant-id : 1124854"
[2022-08-23T15:09:51.971Z] [INFO] [ApiClient15987679] : "date : Tue, 23 Aug 2022 15:09:51 GMT"
[2022-08-23T15:09:51.971Z] [INFO] [ApiClient15987679] : "host : apitest.cybersource.com"
[2022-08-23T15:09:51.971Z] [INFO] [ApiClient15987679] : "signature : keyid=\"a2b782ee-08e7-40cd-b3e9-349124272b1c\", algorithm=\"HmacSHA256\", headers=\"host date (request-target) digest v-c-merchant-id\", signature=\"HsY4w/8rvXkZ8I3C6RKLlj4QJJ2oUnqVUwxuQfMw4xM=\""
[2022-08-23T15:09:51.972Z] [INFO] [ApiClient15987679] : "User-Agent : Mozilla/5.0"
[2022-08-23T15:09:51.972Z] [INFO] [ApiClient15987679] : "************************  LOGGING END  ************************"
[2022-08-23T15:12:39.551Z] [INFO] [MerchantConfig108415999] : "************************ LOGGING START ************************"
[2022-08-23T15:12:39.560Z] [INFO] [ApiClient157048917] : "Authentication Type : http_signature"
[2022-08-23T15:12:39.560Z] [INFO] [ApiClient157048917] : "Request Type : POST"
[2022-08-23T15:12:39.562Z] [INFO] [ApiClient157048917] : "signatureHeader : keyid=\"a2b782ee-08e7-40cd-b3e9-349124272b1c\", algorithm=\"HmacSHA256\", headers=\"host date (request-target) digest v-c-merchant-id\", signature=\"oN2AQ95N3s01fQfw4A3oKmBVbBlmWV9fj55qUsUJZ20=\""
[2022-08-23T15:12:39.562Z] [INFO] [ApiClient157048917] : "digest : SHA-256=E1m4M5wdxHTHK6ZnPl/qzqSvItXDWugEQfIsYqfPg50="
[2022-08-23T15:12:39.562Z] [INFO] [ApiClient157048917] : "v-c-merchant-id : 1124854"
[2022-08-23T15:12:39.562Z] [INFO] [ApiClient157048917] : "date : Tue, 23 Aug 2022 15:12:39 GMT"
[2022-08-23T15:12:39.563Z] [INFO] [ApiClient157048917] : "host : apitest.cybersource.com"
[2022-08-23T15:12:39.563Z] [INFO] [ApiClient157048917] : "signature : keyid=\"a2b782ee-08e7-40cd-b3e9-349124272b1c\", algorithm=\"HmacSHA256\", headers=\"host date (request-target) digest v-c-merchant-id\", signature=\"oN2AQ95N3s01fQfw4A3oKmBVbBlmWV9fj55qUsUJZ20=\""
[2022-08-23T15:12:39.563Z] [INFO] [ApiClient157048917] : "User-Agent : Mozilla/5.0"
[2022-08-23T15:12:39.563Z] [INFO] [ApiClient157048917] : "************************  LOGGING END  ************************"
[2022-08-23T15:15:51.629Z] [INFO] [MerchantConfig33815524] : "************************ LOGGING START ************************"
[2022-08-23T15:15:51.633Z] [INFO] [ApiClient606671417] : "Authentication Type : http_signature"
[2022-08-23T15:15:51.634Z] [INFO] [ApiClient606671417] : "Request Type : POST"
[2022-08-23T15:15:51.635Z] [INFO] [ApiClient606671417] : "signatureHeader : keyid=\"a2b782ee-08e7-40cd-b3e9-349124272b1c\", algorithm=\"HmacSHA256\", headers=\"host date (request-target) digest v-c-merchant-id\", signature=\"krPB5yKlP5qYURXKhOX7OzVydK/MMitHPdlV/AsVEEU=\""
[2022-08-23T15:15:51.635Z] [INFO] [ApiClient606671417] : "digest : SHA-256=E1m4M5wdxHTHK6ZnPl/qzqSvItXDWugEQfIsYqfPg50="
[2022-08-23T15:15:51.635Z] [INFO] [ApiClient606671417] : "v-c-merchant-id : 1124854"
[2022-08-23T15:15:51.635Z] [INFO] [ApiClient606671417] : "date : Tue, 23 Aug 2022 15:15:51 GMT"
[2022-08-23T15:15:51.635Z] [INFO] [ApiClient606671417] : "host : apitest.cybersource.com"
[2022-08-23T15:15:51.635Z] [INFO] [ApiClient606671417] : "signature : keyid=\"a2b782ee-08e7-40cd-b3e9-349124272b1c\", algorithm=\"HmacSHA256\", headers=\"host date (request-target) digest v-c-merchant-id\", signature=\"krPB5yKlP5qYURXKhOX7OzVydK/MMitHPdlV/AsVEEU=\""
[2022-08-23T15:15:51.636Z] [INFO] [ApiClient606671417] : "User-Agent : Mozilla/5.0"
[2022-08-23T15:15:51.636Z] [INFO] [ApiClient606671417] : "************************  LOGGING END  ************************"
[2022-08-23T15:17:43.068Z] [INFO] [MerchantConfig668884604] : "************************ LOGGING START ************************"
[2022-08-23T15:17:43.073Z] [INFO] [ApiClient57371924] : "Authentication Type : http_signature"
[2022-08-23T15:17:43.074Z] [INFO] [ApiClient57371924] : "Request Type : POST"
[2022-08-23T15:17:43.078Z] [INFO] [ApiClient57371924] : "signatureHeader : keyid=\"a2b782ee-08e7-40cd-b3e9-349124272b1c\", algorithm=\"HmacSHA256\", headers=\"host date (request-target) digest v-c-merchant-id\", signature=\"NrfpCW4MbCDMQrQVDwhuDQdTXm7YB1bxG+dd0votMcI=\""
[2022-08-23T15:17:43.078Z] [INFO] [ApiClient57371924] : "digest : SHA-256=l6zwuFlwMmpDZzYcIKwx2lmzG4sSxE0qN1DnM/QBqkU="
[2022-08-23T15:17:43.078Z] [INFO] [ApiClient57371924] : "v-c-merchant-id : 1124854"
[2022-08-23T15:17:43.078Z] [INFO] [ApiClient57371924] : "date : Tue, 23 Aug 2022 15:17:43 GMT"
[2022-08-23T15:17:43.079Z] [INFO] [ApiClient57371924] : "host : apitest.cybersource.com"
[2022-08-23T15:17:43.079Z] [INFO] [ApiClient57371924] : "signature : keyid=\"a2b782ee-08e7-40cd-b3e9-349124272b1c\", algorithm=\"HmacSHA256\", headers=\"host date (request-target) digest v-c-merchant-id\", signature=\"NrfpCW4MbCDMQrQVDwhuDQdTXm7YB1bxG+dd0votMcI=\""
[2022-08-23T15:17:43.079Z] [INFO] [ApiClient57371924] : "User-Agent : Mozilla/5.0"
[2022-08-23T15:17:43.079Z] [INFO] [ApiClient57371924] : "************************  LOGGING END  ************************"
[2022-08-23T15:22:49.490Z] [INFO] [MerchantConfig259457783] : "************************ LOGGING START ************************"
[2022-08-23T15:22:49.494Z] [INFO] [ApiClient26816898] : "Authentication Type : http_signature"
[2022-08-23T15:22:49.494Z] [INFO] [ApiClient26816898] : "Request Type : POST"
[2022-08-23T15:22:49.495Z] [INFO] [ApiClient26816898] : "signatureHeader : keyid=\"a2b782ee-08e7-40cd-b3e9-349124272b1c\", algorithm=\"HmacSHA256\", headers=\"host date (request-target) digest v-c-merchant-id\", signature=\"c9jzcHUt564g7EyTrKohPAaauhd27cgQeVIxMQjlO2w=\""
[2022-08-23T15:22:49.496Z] [INFO] [ApiClient26816898] : "digest : SHA-256=HMUDMRl5jz7wwveJgfN84PzxV2WTijEcSF7rsp/k38g="
[2022-08-23T15:22:49.496Z] [INFO] [ApiClient26816898] : "v-c-merchant-id : 1124854"
[2022-08-23T15:22:49.496Z] [INFO] [ApiClient26816898] : "date : Tue, 23 Aug 2022 15:22:49 GMT"
[2022-08-23T15:22:49.496Z] [INFO] [ApiClient26816898] : "host : apitest.cybersource.com"
[2022-08-23T15:22:49.496Z] [INFO] [ApiClient26816898] : "signature : keyid=\"a2b782ee-08e7-40cd-b3e9-349124272b1c\", algorithm=\"HmacSHA256\", headers=\"host date (request-target) digest v-c-merchant-id\", signature=\"c9jzcHUt564g7EyTrKohPAaauhd27cgQeVIxMQjlO2w=\""
[2022-08-23T15:22:49.496Z] [INFO] [ApiClient26816898] : "User-Agent : Mozilla/5.0"
[2022-08-23T15:22:49.496Z] [INFO] [ApiClient26816898] : "************************  LOGGING END  ************************"
[2022-08-23T15:40:15.490Z] [INFO] [MerchantConfig996270995] : "************************ LOGGING START ************************"
[2022-08-23T15:40:15.496Z] [INFO] [ApiClient870305520] : "Authentication Type : http_signature"
[2022-08-23T15:40:15.496Z] [INFO] [ApiClient870305520] : "Request Type : GET"
[2022-08-23T15:40:15.498Z] [INFO] [ApiClient870305520] : "signatureHeader : keyid=\"a2b782ee-08e7-40cd-b3e9-349124272b1c\", algorithm=\"HmacSHA256\", headers=\"host date (request-target) v-c-merchant-id\", signature=\"76lArYgWC9+ePKzyEDuvdpDHNP80wUkQKGbsQBLEzyw=\""
[2022-08-23T15:40:15.498Z] [INFO] [ApiClient870305520] : "v-c-merchant-id : 1124854"
[2022-08-23T15:40:15.498Z] [INFO] [ApiClient870305520] : "date : Tue, 23 Aug 2022 15:40:15 GMT"
[2022-08-23T15:40:15.498Z] [INFO] [ApiClient870305520] : "host : apitest.cybersource.com"
[2022-08-23T15:40:15.499Z] [INFO] [ApiClient870305520] : "signature : keyid=\"a2b782ee-08e7-40cd-b3e9-349124272b1c\", algorithm=\"HmacSHA256\", headers=\"host date (request-target) v-c-merchant-id\", signature=\"76lArYgWC9+ePKzyEDuvdpDHNP80wUkQKGbsQBLEzyw=\""
[2022-08-23T15:40:15.499Z] [INFO] [ApiClient870305520] : "User-Agent : Mozilla/5.0"
[2022-08-23T15:40:15.499Z] [INFO] [ApiClient870305520] : "************************  LOGGING END  ************************"
[2022-08-23T15:41:14.041Z] [INFO] [MerchantConfig134230806] : "************************ LOGGING START ************************"
[2022-08-23T15:41:14.051Z] [INFO] [ApiClient793502297] : "Authentication Type : http_signature"
[2022-08-23T15:41:14.052Z] [INFO] [ApiClient793502297] : "Request Type : GET"
[2022-08-23T15:41:14.053Z] [INFO] [ApiClient793502297] : "signatureHeader : keyid=\"a2b782ee-08e7-40cd-b3e9-349124272b1c\", algorithm=\"HmacSHA256\", headers=\"host date (request-target) v-c-merchant-id\", signature=\"o7O4xd1f+tHQRyoXnHHkczAt3NnKO7BpvTR9QTfM8iA=\""
[2022-08-23T15:41:14.053Z] [INFO] [ApiClient793502297] : "v-c-merchant-id : 1124854"
[2022-08-23T15:41:14.054Z] [INFO] [ApiClient793502297] : "date : Tue, 23 Aug 2022 15:41:14 GMT"
[2022-08-23T15:41:14.054Z] [INFO] [ApiClient793502297] : "host : apitest.cybersource.com"
[2022-08-23T15:41:14.054Z] [INFO] [ApiClient793502297] : "signature : keyid=\"a2b782ee-08e7-40cd-b3e9-349124272b1c\", algorithm=\"HmacSHA256\", headers=\"host date (request-target) v-c-merchant-id\", signature=\"o7O4xd1f+tHQRyoXnHHkczAt3NnKO7BpvTR9QTfM8iA=\""
[2022-08-23T15:41:14.054Z] [INFO] [ApiClient793502297] : "User-Agent : Mozilla/5.0"
[2022-08-23T15:41:14.054Z] [INFO] [ApiClient793502297] : "************************  LOGGING END  ************************"
[2022-08-23T15:46:37.069Z] [INFO] [MerchantConfig166774616] : "************************ LOGGING START ************************"
[2022-08-23T15:46:37.074Z] [INFO] [ApiClient313780092] : "Authentication Type : http_signature"
[2022-08-23T15:46:37.075Z] [INFO] [ApiClient313780092] : "Request Type : GET"
[2022-08-23T15:46:37.078Z] [INFO] [ApiClient313780092] : "signatureHeader : keyid=\"a2b782ee-08e7-40cd-b3e9-349124272b1c\", algorithm=\"HmacSHA256\", headers=\"host date (request-target) v-c-merchant-id\", signature=\"pw2zKIgBHl9aqPGpHj4sIbwM1tNbWRwepWl53lDyUak=\""
[2022-08-23T15:46:37.078Z] [INFO] [ApiClient313780092] : "v-c-merchant-id : 1124854"
[2022-08-23T15:46:37.078Z] [INFO] [ApiClient313780092] : "date : Tue, 23 Aug 2022 15:46:37 GMT"
[2022-08-23T15:46:37.079Z] [INFO] [ApiClient313780092] : "host : apitest.cybersource.com"
[2022-08-23T15:46:37.079Z] [INFO] [ApiClient313780092] : "signature : keyid=\"a2b782ee-08e7-40cd-b3e9-349124272b1c\", algorithm=\"HmacSHA256\", headers=\"host date (request-target) v-c-merchant-id\", signature=\"pw2zKIgBHl9aqPGpHj4sIbwM1tNbWRwepWl53lDyUak=\""
[2022-08-23T15:46:37.079Z] [INFO] [ApiClient313780092] : "User-Agent : Mozilla/5.0"
[2022-08-23T15:46:37.079Z] [INFO] [ApiClient313780092] : "************************  LOGGING END  ************************"
[2022-08-23T15:53:41.111Z] [INFO] [MerchantConfig901773505] : "************************ LOGGING START ************************"
[2022-08-23T15:53:41.122Z] [INFO] [ApiClient630097734] : "Authentication Type : http_signature"
[2022-08-23T15:53:41.122Z] [INFO] [ApiClient630097734] : "Request Type : GET"
[2022-08-23T15:53:41.123Z] [INFO] [ApiClient630097734] : "signatureHeader : keyid=\"08c94330-f618-42a3-b09d-e1e43be5efda\", algorithm=\"HmacSHA256\", headers=\"host date (request-target) v-c-merchant-id\", signature=\"AXzaNf9kZ0YM7GNGPXn56+6Gp0UE6xN26ICs3eSZ0UM=\""
[2022-08-23T15:53:41.123Z] [INFO] [ApiClient630097734] : "v-c-merchant-id : testrest"
[2022-08-23T15:53:41.123Z] [INFO] [ApiClient630097734] : "date : Tue, 23 Aug 2022 15:53:41 GMT"
[2022-08-23T15:53:41.123Z] [INFO] [ApiClient630097734] : "host : apitest.cybersource.com"
[2022-08-23T15:53:41.124Z] [INFO] [ApiClient630097734] : "signature : keyid=\"08c94330-f618-42a3-b09d-e1e43be5efda\", algorithm=\"HmacSHA256\", headers=\"host date (request-target) v-c-merchant-id\", signature=\"AXzaNf9kZ0YM7GNGPXn56+6Gp0UE6xN26ICs3eSZ0UM=\""
[2022-08-23T15:53:41.124Z] [INFO] [ApiClient630097734] : "User-Agent : Mozilla/5.0"
[2022-08-23T15:53:41.124Z] [INFO] [ApiClient630097734] : "************************  LOGGING END  ************************"
[2022-08-23T16:14:38.701Z] [INFO] [MerchantConfig898878572] : "************************ LOGGING START ************************"
[2022-08-23T16:14:38.716Z] [INFO] [ApiClient870288499] : "Authentication Type : http_signature"
[2022-08-23T16:14:38.717Z] [INFO] [ApiClient870288499] : "Request Type : GET"
[2022-08-23T16:14:38.722Z] [INFO] [ApiClient870288499] : "signatureHeader : keyid=\"08c94330-f618-42a3-b09d-e1e43be5efda\", algorithm=\"HmacSHA256\", headers=\"host date (request-target) v-c-merchant-id\", signature=\"QyxEVOVoo9FH+5u/sXYqMJoV1gR4V2i5Yj4v28QQ4pI=\""
[2022-08-23T16:14:38.722Z] [INFO] [ApiClient870288499] : "v-c-merchant-id : testrest"
[2022-08-23T16:14:38.723Z] [INFO] [ApiClient870288499] : "date : Tue, 23 Aug 2022 16:14:38 GMT"
[2022-08-23T16:14:38.723Z] [INFO] [ApiClient870288499] : "host : apitest.cybersource.com"
[2022-08-23T16:14:38.723Z] [INFO] [ApiClient870288499] : "signature : keyid=\"08c94330-f618-42a3-b09d-e1e43be5efda\", algorithm=\"HmacSHA256\", headers=\"host date (request-target) v-c-merchant-id\", signature=\"QyxEVOVoo9FH+5u/sXYqMJoV1gR4V2i5Yj4v28QQ4pI=\""
[2022-08-23T16:14:38.723Z] [INFO] [ApiClient870288499] : "User-Agent : Mozilla/5.0"
[2022-08-23T16:14:38.724Z] [INFO] [ApiClient870288499] : "************************  LOGGING END  ************************"
[2022-08-23T16:28:51.415Z] [INFO] [MerchantConfig940693820] : "************************ LOGGING START ************************"
[2022-08-23T16:28:51.423Z] [INFO] [ApiClient102216163] : "Authentication Type : http_signature"
[2022-08-23T16:28:51.424Z] [INFO] [ApiClient102216163] : "Request Type : GET"
[2022-08-23T16:28:51.430Z] [INFO] [ApiClient102216163] : "signatureHeader : keyid=\"08c94330-f618-42a3-b09d-e1e43be5efda\", algorithm=\"HmacSHA256\", headers=\"host date (request-target) v-c-merchant-id\", signature=\"eqDjz46QmQRnARmaNLHwMpn0aU5Dl7EIHqryfz8hYIk=\""
[2022-08-23T16:28:51.431Z] [INFO] [ApiClient102216163] : "v-c-merchant-id : testrest"
[2022-08-23T16:28:51.431Z] [INFO] [ApiClient102216163] : "date : Tue, 23 Aug 2022 16:28:51 GMT"
[2022-08-23T16:28:51.431Z] [INFO] [ApiClient102216163] : "host : apitest.cybersource.com"
[2022-08-23T16:28:51.432Z] [INFO] [ApiClient102216163] : "signature : keyid=\"08c94330-f618-42a3-b09d-e1e43be5efda\", algorithm=\"HmacSHA256\", headers=\"host date (request-target) v-c-merchant-id\", signature=\"eqDjz46QmQRnARmaNLHwMpn0aU5Dl7EIHqryfz8hYIk=\""
[2022-08-23T16:28:51.432Z] [INFO] [ApiClient102216163] : "User-Agent : Mozilla/5.0"
[2022-08-23T16:28:51.432Z] [INFO] [ApiClient102216163] : "************************  LOGGING END  ************************"
[2022-08-23T16:30:30.675Z] [INFO] [MerchantConfig535766274] : "************************ LOGGING START ************************"
[2022-08-23T16:30:30.690Z] [INFO] [ApiClient280489133] : "Authentication Type : http_signature"
[2022-08-23T16:30:30.691Z] [INFO] [ApiClient280489133] : "Request Type : GET"
[2022-08-23T16:30:30.692Z] [INFO] [ApiClient280489133] : "signatureHeader : keyid=\"08c94330-f618-42a3-b09d-e1e43be5efda\", algorithm=\"HmacSHA256\", headers=\"host date (request-target) v-c-merchant-id\", signature=\"T+/kuQ3bgIpxDZ7suYbYa7ql+/iTDEftv9ZiP/cN0LE=\""
[2022-08-23T16:30:30.697Z] [INFO] [ApiClient280489133] : "v-c-merchant-id : testrest"
[2022-08-23T16:30:30.697Z] [INFO] [ApiClient280489133] : "date : Tue, 23 Aug 2022 16:30:30 GMT"
[2022-08-23T16:30:30.697Z] [INFO] [ApiClient280489133] : "host : apitest.cybersource.com"
[2022-08-23T16:30:30.698Z] [INFO] [ApiClient280489133] : "signature : keyid=\"08c94330-f618-42a3-b09d-e1e43be5efda\", algorithm=\"HmacSHA256\", headers=\"host date (request-target) v-c-merchant-id\", signature=\"T+/kuQ3bgIpxDZ7suYbYa7ql+/iTDEftv9ZiP/cN0LE=\""
[2022-08-23T16:30:30.698Z] [INFO] [ApiClient280489133] : "User-Agent : Mozilla/5.0"
[2022-08-23T16:30:30.698Z] [INFO] [ApiClient280489133] : "************************  LOGGING END  ************************"
[2022-08-23T16:33:02.479Z] [INFO] [MerchantConfig985023403] : "************************ LOGGING START ************************"
[2022-08-23T16:33:02.493Z] [INFO] [ApiClient471618927] : "Authentication Type : http_signature"
[2022-08-23T16:33:02.493Z] [INFO] [ApiClient471618927] : "Request Type : GET"
[2022-08-23T16:33:02.499Z] [INFO] [ApiClient471618927] : "signatureHeader : keyid=\"08c94330-f618-42a3-b09d-e1e43be5efda\", algorithm=\"HmacSHA256\", headers=\"host date (request-target) v-c-merchant-id\", signature=\"enGYlks4l9huuv6X044CtsyMD6vMiFqwQ8tPRXQilOE=\""
[2022-08-23T16:33:02.500Z] [INFO] [ApiClient471618927] : "v-c-merchant-id : testrest"
[2022-08-23T16:33:02.500Z] [INFO] [ApiClient471618927] : "date : Tue, 23 Aug 2022 16:33:02 GMT"
[2022-08-23T16:33:02.500Z] [INFO] [ApiClient471618927] : "host : apitest.cybersource.com"
[2022-08-23T16:33:02.501Z] [INFO] [ApiClient471618927] : "signature : keyid=\"08c94330-f618-42a3-b09d-e1e43be5efda\", algorithm=\"HmacSHA256\", headers=\"host date (request-target) v-c-merchant-id\", signature=\"enGYlks4l9huuv6X044CtsyMD6vMiFqwQ8tPRXQilOE=\""
[2022-08-23T16:33:02.501Z] [INFO] [ApiClient471618927] : "User-Agent : Mozilla/5.0"
[2022-08-23T16:33:02.502Z] [INFO] [ApiClient471618927] : "************************  LOGGING END  ************************"
[2022-08-23T16:35:47.754Z] [INFO] [MerchantConfig57920997] : "************************ LOGGING START ************************"
[2022-08-23T16:35:47.761Z] [INFO] [ApiClient479046578] : "Authentication Type : http_signature"
[2022-08-23T16:35:47.762Z] [INFO] [ApiClient479046578] : "Request Type : GET"
[2022-08-23T16:35:47.763Z] [INFO] [ApiClient479046578] : "signatureHeader : keyid=\"08c94330-f618-42a3-b09d-e1e43be5efda\", algorithm=\"HmacSHA256\", headers=\"host date (request-target) v-c-merchant-id\", signature=\"0qtoicL2pSiQw4y2fiPJqIfYaiPK9lImq2FWBDO5xbg=\""
[2022-08-23T16:35:47.763Z] [INFO] [ApiClient479046578] : "v-c-merchant-id : testrest"
[2022-08-23T16:35:47.763Z] [INFO] [ApiClient479046578] : "date : Tue, 23 Aug 2022 16:35:47 GMT"
[2022-08-23T16:35:47.763Z] [INFO] [ApiClient479046578] : "host : apitest.cybersource.com"
[2022-08-23T16:35:47.763Z] [INFO] [ApiClient479046578] : "signature : keyid=\"08c94330-f618-42a3-b09d-e1e43be5efda\", algorithm=\"HmacSHA256\", headers=\"host date (request-target) v-c-merchant-id\", signature=\"0qtoicL2pSiQw4y2fiPJqIfYaiPK9lImq2FWBDO5xbg=\""
[2022-08-23T16:35:47.763Z] [INFO] [ApiClient479046578] : "User-Agent : Mozilla/5.0"
[2022-08-23T16:35:47.763Z] [INFO] [ApiClient479046578] : "************************  LOGGING END  ************************"
[2022-08-23T16:36:37.589Z] [INFO] [MerchantConfig180701825] : "************************ LOGGING START ************************"
[2022-08-23T16:36:37.598Z] [INFO] [ApiClient38071756] : "Authentication Type : http_signature"
[2022-08-23T16:36:37.600Z] [INFO] [ApiClient38071756] : "Request Type : GET"
[2022-08-23T16:36:37.602Z] [INFO] [ApiClient38071756] : "signatureHeader : keyid=\"08c94330-f618-42a3-b09d-e1e43be5efda\", algorithm=\"HmacSHA256\", headers=\"host date (request-target) v-c-merchant-id\", signature=\"AVzbpEA8QIh3ESlzaSEqX8n5Kz9SdLfHnvyn9vG2Jgc=\""
[2022-08-23T16:36:37.603Z] [INFO] [ApiClient38071756] : "v-c-merchant-id : testrest"
[2022-08-23T16:36:37.603Z] [INFO] [ApiClient38071756] : "date : Tue, 23 Aug 2022 16:36:37 GMT"
[2022-08-23T16:36:37.603Z] [INFO] [ApiClient38071756] : "host : apitest.cybersource.com"
[2022-08-23T16:36:37.603Z] [INFO] [ApiClient38071756] : "signature : keyid=\"08c94330-f618-42a3-b09d-e1e43be5efda\", algorithm=\"HmacSHA256\", headers=\"host date (request-target) v-c-merchant-id\", signature=\"AVzbpEA8QIh3ESlzaSEqX8n5Kz9SdLfHnvyn9vG2Jgc=\""
[2022-08-23T16:36:37.603Z] [INFO] [ApiClient38071756] : "User-Agent : Mozilla/5.0"
[2022-08-23T16:36:37.604Z] [INFO] [ApiClient38071756] : "************************  LOGGING END  ************************"
[2022-08-23T17:01:00.584Z] [INFO] [MerchantConfig370089027] : "************************ LOGGING START ************************"
[2022-08-23T17:01:00.598Z] [INFO] [ApiClient769034782] : "Authentication Type : http_signature"
[2022-08-23T17:01:00.599Z] [INFO] [ApiClient769034782] : "Request Type : GET"
[2022-08-23T17:01:00.604Z] [INFO] [ApiClient769034782] : "signatureHeader : keyid=\"08c94330-f618-42a3-b09d-e1e43be5efda\", algorithm=\"HmacSHA256\", headers=\"host date (request-target) v-c-merchant-id\", signature=\"fdwGkJ+WjBf8csREBApS+CC18c8jpzU6V04rt40+aZ4=\""
[2022-08-23T17:01:00.605Z] [INFO] [ApiClient769034782] : "v-c-merchant-id : testrest"
[2022-08-23T17:01:00.605Z] [INFO] [ApiClient769034782] : "date : Tue, 23 Aug 2022 17:01:00 GMT"
[2022-08-23T17:01:00.605Z] [INFO] [ApiClient769034782] : "host : apitest.cybersource.com"
[2022-08-23T17:01:00.605Z] [INFO] [ApiClient769034782] : "signature : keyid=\"08c94330-f618-42a3-b09d-e1e43be5efda\", algorithm=\"HmacSHA256\", headers=\"host date (request-target) v-c-merchant-id\", signature=\"fdwGkJ+WjBf8csREBApS+CC18c8jpzU6V04rt40+aZ4=\""
[2022-08-23T17:01:00.606Z] [INFO] [ApiClient769034782] : "User-Agent : Mozilla/5.0"
[2022-08-23T17:01:00.606Z] [INFO] [ApiClient769034782] : "************************  LOGGING END  ************************"
[2022-08-23T17:06:57.231Z] [INFO] [MerchantConfig671414966] : "************************ LOGGING START ************************"
[2022-08-23T17:06:57.237Z] [INFO] [ApiClient951690543] : "Authentication Type : http_signature"
[2022-08-23T17:06:57.237Z] [INFO] [ApiClient951690543] : "Request Type : GET"
[2022-08-23T17:06:57.241Z] [INFO] [ApiClient951690543] : "signatureHeader : keyid=\"08c94330-f618-42a3-b09d-e1e43be5efda\", algorithm=\"HmacSHA256\", headers=\"host date (request-target) v-c-merchant-id\", signature=\"0ImiG25fAjvQwu0pWn5vEw2rApZOctT1mfPpPEMwrj8=\""
[2022-08-23T17:06:57.241Z] [INFO] [ApiClient951690543] : "v-c-merchant-id : testrest"
[2022-08-23T17:06:57.241Z] [INFO] [ApiClient951690543] : "date : Tue, 23 Aug 2022 17:06:57 GMT"
[2022-08-23T17:06:57.241Z] [INFO] [ApiClient951690543] : "host : apitest.cybersource.com"
[2022-08-23T17:06:57.241Z] [INFO] [ApiClient951690543] : "signature : keyid=\"08c94330-f618-42a3-b09d-e1e43be5efda\", algorithm=\"HmacSHA256\", headers=\"host date (request-target) v-c-merchant-id\", signature=\"0ImiG25fAjvQwu0pWn5vEw2rApZOctT1mfPpPEMwrj8=\""
[2022-08-23T17:06:57.241Z] [INFO] [ApiClient951690543] : "User-Agent : Mozilla/5.0"
[2022-08-23T17:06:57.241Z] [INFO] [ApiClient951690543] : "************************  LOGGING END  ************************"
[2022-08-23T17:18:21.140Z] [INFO] [MerchantConfig127911600] : "************************ LOGGING START ************************"
[2022-08-23T17:18:21.152Z] [INFO] [ApiClient839320439] : "Authentication Type : http_signature"
[2022-08-23T17:18:21.153Z] [INFO] [ApiClient839320439] : "Request Type : POST"
[2022-08-23T17:18:21.159Z] [INFO] [ApiClient839320439] : "signatureHeader : keyid=\"08c94330-f618-42a3-b09d-e1e43be5efda\", algorithm=\"HmacSHA256\", headers=\"host date (request-target) digest v-c-merchant-id\", signature=\"FsQ7S1v1cNQg7usfDKzb4VgLgqCzoO4Ngt4t+76CnIk=\""
[2022-08-23T17:18:21.160Z] [INFO] [ApiClient839320439] : "digest : SHA-256=HMUDMRl5jz7wwveJgfN84PzxV2WTijEcSF7rsp/k38g="
[2022-08-23T17:18:21.160Z] [INFO] [ApiClient839320439] : "v-c-merchant-id : testrest"
[2022-08-23T17:18:21.160Z] [INFO] [ApiClient839320439] : "date : Tue, 23 Aug 2022 17:18:21 GMT"
[2022-08-23T17:18:21.160Z] [INFO] [ApiClient839320439] : "host : apitest.cybersource.com"
[2022-08-23T17:18:21.161Z] [INFO] [ApiClient839320439] : "signature : keyid=\"08c94330-f618-42a3-b09d-e1e43be5efda\", algorithm=\"HmacSHA256\", headers=\"host date (request-target) digest v-c-merchant-id\", signature=\"FsQ7S1v1cNQg7usfDKzb4VgLgqCzoO4Ngt4t+76CnIk=\""
[2022-08-23T17:18:21.161Z] [INFO] [ApiClient839320439] : "User-Agent : Mozilla/5.0"
[2022-08-23T17:18:21.161Z] [INFO] [ApiClient839320439] : "************************  LOGGING END  ************************"
[2022-08-23T19:09:48.399Z] [INFO] [MerchantConfig690648000] : "************************ LOGGING START ************************"
[2022-08-23T19:09:48.420Z] [INFO] [ApiClient632544029] : "Authentication Type : http_signature"
[2022-08-23T19:09:48.421Z] [INFO] [ApiClient632544029] : "Request Type : POST"
[2022-08-23T19:09:48.426Z] [INFO] [ApiClient632544029] : "signatureHeader : keyid=\"a2b782ee-08e7-40cd-b3e9-349124272b1c\", algorithm=\"HmacSHA256\", headers=\"host date (request-target) digest v-c-merchant-id\", signature=\"81YDbjCSob1GfU02UYKVS36vSRm6tFAQEetLwuAghs8=\""
[2022-08-23T19:09:48.427Z] [INFO] [ApiClient632544029] : "digest : SHA-256=PpR3VN9dDtWE6gqzSUynF5wnaSt6txCO6C3B5NK5jyc="
[2022-08-23T19:09:48.427Z] [INFO] [ApiClient632544029] : "v-c-merchant-id : 1124854"
[2022-08-23T19:09:48.427Z] [INFO] [ApiClient632544029] : "date : Tue, 23 Aug 2022 19:09:48 GMT"
[2022-08-23T19:09:48.428Z] [INFO] [ApiClient632544029] : "host : apitest.cybersource.com"
[2022-08-23T19:09:48.429Z] [INFO] [ApiClient632544029] : "signature : keyid=\"a2b782ee-08e7-40cd-b3e9-349124272b1c\", algorithm=\"HmacSHA256\", headers=\"host date (request-target) digest v-c-merchant-id\", signature=\"81YDbjCSob1GfU02UYKVS36vSRm6tFAQEetLwuAghs8=\""
[2022-08-23T19:09:48.429Z] [INFO] [ApiClient632544029] : "User-Agent : Mozilla/5.0"
[2022-08-23T19:09:48.430Z] [INFO] [ApiClient632544029] : "************************  LOGGING END  ************************"
[2022-08-23T19:09:48.413Z] [INFO] [MerchantConfig890316799] : "************************ LOGGING START ************************"
[2022-08-23T19:09:49.173Z] [INFO] [ApiClient830599039] : "Authentication Type : http_signature"
[2022-08-23T19:09:49.174Z] [INFO] [ApiClient830599039] : "Request Type : GET"
[2022-08-23T19:09:49.176Z] [INFO] [ApiClient830599039] : "signatureHeader : keyid=\"a2b782ee-08e7-40cd-b3e9-349124272b1c\", algorithm=\"HmacSHA256\", headers=\"host date (request-target) v-c-merchant-id\", signature=\"koPGn1ImMKgzHYxhJHVoJ8MgkN2t17Q/XM/6evj64f4=\""
[2022-08-23T19:09:49.178Z] [INFO] [ApiClient830599039] : "v-c-merchant-id : 1124854"
[2022-08-23T19:09:49.179Z] [INFO] [ApiClient830599039] : "date : Tue, 23 Aug 2022 19:09:49 GMT"
[2022-08-23T19:09:49.179Z] [INFO] [ApiClient830599039] : "host : apitest.cybersource.com"
[2022-08-23T19:09:49.179Z] [INFO] [ApiClient830599039] : "signature : keyid=\"a2b782ee-08e7-40cd-b3e9-349124272b1c\", algorithm=\"HmacSHA256\", headers=\"host date (request-target) v-c-merchant-id\", signature=\"koPGn1ImMKgzHYxhJHVoJ8MgkN2t17Q/XM/6evj64f4=\""
[2022-08-23T19:09:49.180Z] [INFO] [ApiClient830599039] : "User-Agent : Mozilla/5.0"
[2022-08-23T19:09:49.180Z] [INFO] [ApiClient830599039] : "************************  LOGGING END  ************************"
[2022-08-23T19:13:10.554Z] [INFO] [MerchantConfig132824257] : "************************ LOGGING START ************************"
[2022-08-23T19:13:10.566Z] [INFO] [MerchantConfig717069649] : "************************ LOGGING START ************************"
[2022-08-23T19:13:10.573Z] [INFO] [ApiClient154363233] : "Authentication Type : http_signature"
[2022-08-23T19:13:10.574Z] [INFO] [ApiClient154363233] : "Request Type : POST"
[2022-08-23T19:13:10.579Z] [INFO] [ApiClient154363233] : "signatureHeader : keyid=\"a2b782ee-08e7-40cd-b3e9-349124272b1c\", algorithm=\"HmacSHA256\", headers=\"host date (request-target) digest v-c-merchant-id\", signature=\"gyc/jbQ4tV7XTHO5BV2jBTRREFHZYAZDF/Osney4BMw=\""
[2022-08-23T19:13:10.579Z] [INFO] [ApiClient154363233] : "digest : SHA-256=PpR3VN9dDtWE6gqzSUynF5wnaSt6txCO6C3B5NK5jyc="
[2022-08-23T19:13:10.580Z] [INFO] [ApiClient154363233] : "v-c-merchant-id : 1124854"
[2022-08-23T19:13:10.580Z] [INFO] [ApiClient154363233] : "date : Tue, 23 Aug 2022 19:13:10 GMT"
[2022-08-23T19:13:10.580Z] [INFO] [ApiClient154363233] : "host : apitest.cybersource.com"
[2022-08-23T19:13:10.581Z] [INFO] [ApiClient154363233] : "signature : keyid=\"a2b782ee-08e7-40cd-b3e9-349124272b1c\", algorithm=\"HmacSHA256\", headers=\"host date (request-target) digest v-c-merchant-id\", signature=\"gyc/jbQ4tV7XTHO5BV2jBTRREFHZYAZDF/Osney4BMw=\""
[2022-08-23T19:13:10.581Z] [INFO] [ApiClient154363233] : "User-Agent : Mozilla/5.0"
[2022-08-23T19:13:10.584Z] [INFO] [ApiClient154363233] : "************************  LOGGING END  ************************"
[2022-08-23T19:13:11.139Z] [INFO] [ApiClient381882556] : "Authentication Type : http_signature"
[2022-08-23T19:13:11.139Z] [INFO] [ApiClient381882556] : "Request Type : GET"
[2022-08-23T19:13:11.140Z] [INFO] [ApiClient381882556] : "signatureHeader : keyid=\"a2b782ee-08e7-40cd-b3e9-349124272b1c\", algorithm=\"HmacSHA256\", headers=\"host date (request-target) v-c-merchant-id\", signature=\"WpJa0LZcB18kKJvh7F/aumsJ0XbT8rTZHDL5M7k+0dI=\""
[2022-08-23T19:13:11.140Z] [INFO] [ApiClient381882556] : "v-c-merchant-id : 1124854"
[2022-08-23T19:13:11.141Z] [INFO] [ApiClient381882556] : "date : Tue, 23 Aug 2022 19:13:11 GMT"
[2022-08-23T19:13:11.141Z] [INFO] [ApiClient381882556] : "host : apitest.cybersource.com"
[2022-08-23T19:13:11.141Z] [INFO] [ApiClient381882556] : "signature : keyid=\"a2b782ee-08e7-40cd-b3e9-349124272b1c\", algorithm=\"HmacSHA256\", headers=\"host date (request-target) v-c-merchant-id\", signature=\"WpJa0LZcB18kKJvh7F/aumsJ0XbT8rTZHDL5M7k+0dI=\""
[2022-08-23T19:13:11.141Z] [INFO] [ApiClient381882556] : "User-Agent : Mozilla/5.0"
[2022-08-23T19:13:11.141Z] [INFO] [ApiClient381882556] : "************************  LOGGING END  ************************"
[2022-08-23T19:47:19.351Z] [INFO] [MerchantConfig778081077] : "************************ LOGGING START ************************"
[2022-08-23T19:47:19.362Z] [INFO] [ApiClient989524778] : "Authentication Type : http_signature"
[2022-08-23T19:47:19.363Z] [INFO] [ApiClient989524778] : "Request Type : POST"
[2022-08-23T19:47:19.367Z] [INFO] [ApiClient989524778] : "signatureHeader : keyid=\"a2b782ee-08e7-40cd-b3e9-349124272b1c\", algorithm=\"HmacSHA256\", headers=\"host date (request-target) digest v-c-merchant-id\", signature=\"dA+rQys2HziP15E+7wfRgZXcUzjGs3O6kEWnqOysquI=\""
[2022-08-23T19:47:19.367Z] [INFO] [ApiClient989524778] : "digest : SHA-256=ph2mCv0lAzmU0VNjgqUqpQyYXQ9WuhiB54F3p2lZeOY="
[2022-08-23T19:47:19.367Z] [INFO] [ApiClient989524778] : "v-c-merchant-id : 1124854"
[2022-08-23T19:47:19.367Z] [INFO] [ApiClient989524778] : "date : Tue, 23 Aug 2022 19:47:19 GMT"
[2022-08-23T19:47:19.369Z] [INFO] [ApiClient989524778] : "host : apitest.cybersource.com"
[2022-08-23T19:47:19.370Z] [INFO] [ApiClient989524778] : "signature : keyid=\"a2b782ee-08e7-40cd-b3e9-349124272b1c\", algorithm=\"HmacSHA256\", headers=\"host date (request-target) digest v-c-merchant-id\", signature=\"dA+rQys2HziP15E+7wfRgZXcUzjGs3O6kEWnqOysquI=\""
[2022-08-23T19:47:19.371Z] [INFO] [ApiClient989524778] : "User-Agent : Mozilla/5.0"
[2022-08-23T19:47:19.371Z] [INFO] [ApiClient989524778] : "************************  LOGGING END  ************************"
[2022-08-23T19:48:51.660Z] [INFO] [MerchantConfig131214449] : "************************ LOGGING START ************************"
[2022-08-23T19:48:51.668Z] [INFO] [ApiClient191645958] : "Authentication Type : http_signature"
[2022-08-23T19:48:51.669Z] [INFO] [ApiClient191645958] : "Request Type : POST"
[2022-08-23T19:48:51.673Z] [INFO] [ApiClient191645958] : "signatureHeader : keyid=\"a2b782ee-08e7-40cd-b3e9-349124272b1c\", algorithm=\"HmacSHA256\", headers=\"host date (request-target) digest v-c-merchant-id\", signature=\"rzcO6cVDOzrlf0Z4GWbSadzVyQmmEPWnelaAXHh7RD8=\""
[2022-08-23T19:48:51.673Z] [INFO] [ApiClient191645958] : "digest : SHA-256=ph2mCv0lAzmU0VNjgqUqpQyYXQ9WuhiB54F3p2lZeOY="
[2022-08-23T19:48:51.673Z] [INFO] [ApiClient191645958] : "v-c-merchant-id : 1124854"
[2022-08-23T19:48:51.674Z] [INFO] [ApiClient191645958] : "date : Tue, 23 Aug 2022 19:48:51 GMT"
[2022-08-23T19:48:51.674Z] [INFO] [ApiClient191645958] : "host : apitest.cybersource.com"
[2022-08-23T19:48:51.674Z] [INFO] [ApiClient191645958] : "signature : keyid=\"a2b782ee-08e7-40cd-b3e9-349124272b1c\", algorithm=\"HmacSHA256\", headers=\"host date (request-target) digest v-c-merchant-id\", signature=\"rzcO6cVDOzrlf0Z4GWbSadzVyQmmEPWnelaAXHh7RD8=\""
[2022-08-23T19:48:51.675Z] [INFO] [ApiClient191645958] : "User-Agent : Mozilla/5.0"
[2022-08-23T19:48:51.675Z] [INFO] [ApiClient191645958] : "************************  LOGGING END  ************************"
[2022-08-23T19:50:18.470Z] [INFO] [MerchantConfig459896564] : "************************ LOGGING START ************************"
[2022-08-23T19:50:18.475Z] [INFO] [ApiClient492991187] : "Authentication Type : http_signature"
[2022-08-23T19:50:18.476Z] [INFO] [ApiClient492991187] : "Request Type : POST"
[2022-08-23T19:50:18.481Z] [INFO] [ApiClient492991187] : "signatureHeader : keyid=\"a2b782ee-08e7-40cd-b3e9-349124272b1c\", algorithm=\"HmacSHA256\", headers=\"host date (request-target) digest v-c-merchant-id\", signature=\"SDMIjSY+F0GWgHah/il4RKc1Ls28XieoV5ZV6NNT57U=\""
[2022-08-23T19:50:18.481Z] [INFO] [ApiClient492991187] : "digest : SHA-256=ph2mCv0lAzmU0VNjgqUqpQyYXQ9WuhiB54F3p2lZeOY="
[2022-08-23T19:50:18.481Z] [INFO] [ApiClient492991187] : "v-c-merchant-id : 1124854"
[2022-08-23T19:50:18.481Z] [INFO] [ApiClient492991187] : "date : Tue, 23 Aug 2022 19:50:18 GMT"
[2022-08-23T19:50:18.481Z] [INFO] [ApiClient492991187] : "host : apitest.cybersource.com"
[2022-08-23T19:50:18.482Z] [INFO] [ApiClient492991187] : "signature : keyid=\"a2b782ee-08e7-40cd-b3e9-349124272b1c\", algorithm=\"HmacSHA256\", headers=\"host date (request-target) digest v-c-merchant-id\", signature=\"SDMIjSY+F0GWgHah/il4RKc1Ls28XieoV5ZV6NNT57U=\""
[2022-08-23T19:50:18.482Z] [INFO] [ApiClient492991187] : "User-Agent : Mozilla/5.0"
[2022-08-23T19:50:18.482Z] [INFO] [ApiClient492991187] : "************************  LOGGING END  ************************"
[2022-08-23T19:57:27.586Z] [INFO] [MerchantConfig150042234] : "************************ LOGGING START ************************"
[2022-08-23T19:57:27.610Z] [INFO] [ApiClient1482308] : "Authentication Type : http_signature"
[2022-08-23T19:57:27.612Z] [INFO] [ApiClient1482308] : "Request Type : POST"
[2022-08-23T19:57:27.616Z] [INFO] [ApiClient1482308] : "signatureHeader : keyid=\"a2b782ee-08e7-40cd-b3e9-349124272b1c\", algorithm=\"HmacSHA256\", headers=\"host date (request-target) digest v-c-merchant-id\", signature=\"v2774voLYmbFrNky40YyVQFQ1xEPfzPYnF3hCAQwv9g=\""
[2022-08-23T19:57:27.616Z] [INFO] [ApiClient1482308] : "digest : SHA-256=HMUDMRl5jz7wwveJgfN84PzxV2WTijEcSF7rsp/k38g="
[2022-08-23T19:57:27.616Z] [INFO] [ApiClient1482308] : "v-c-merchant-id : 1124854"
[2022-08-23T19:57:27.616Z] [INFO] [ApiClient1482308] : "date : Tue, 23 Aug 2022 19:57:27 GMT"
[2022-08-23T19:57:27.616Z] [INFO] [ApiClient1482308] : "host : apitest.cybersource.com"
[2022-08-23T19:57:27.616Z] [INFO] [ApiClient1482308] : "signature : keyid=\"a2b782ee-08e7-40cd-b3e9-349124272b1c\", algorithm=\"HmacSHA256\", headers=\"host date (request-target) digest v-c-merchant-id\", signature=\"v2774voLYmbFrNky40YyVQFQ1xEPfzPYnF3hCAQwv9g=\""
[2022-08-23T19:57:27.617Z] [INFO] [ApiClient1482308] : "User-Agent : Mozilla/5.0"
[2022-08-23T19:57:27.617Z] [INFO] [ApiClient1482308] : "************************  LOGGING END  ************************"
[2022-08-23T19:58:24.218Z] [INFO] [MerchantConfig68632317] : "************************ LOGGING START ************************"
[2022-08-23T19:58:24.247Z] [INFO] [MerchantConfig326254292] : "************************ LOGGING START ************************"
[2022-08-23T19:58:24.252Z] [INFO] [ApiClient596340848] : "Authentication Type : http_signature"
[2022-08-23T19:58:24.252Z] [INFO] [ApiClient596340848] : "Request Type : POST"
[2022-08-23T19:58:24.253Z] [INFO] [ApiClient596340848] : "signatureHeader : keyid=\"a2b782ee-08e7-40cd-b3e9-349124272b1c\", algorithm=\"HmacSHA256\", headers=\"host date (request-target) digest v-c-merchant-id\", signature=\"SvtHK4hK9SF3TmgKeIGKt/Ssv2D0LgHwtyDan4ydFQI=\""
[2022-08-23T19:58:24.253Z] [INFO] [ApiClient596340848] : "digest : SHA-256=PpR3VN9dDtWE6gqzSUynF5wnaSt6txCO6C3B5NK5jyc="
[2022-08-23T19:58:24.253Z] [INFO] [ApiClient596340848] : "v-c-merchant-id : 1124854"
[2022-08-23T19:58:24.254Z] [INFO] [ApiClient596340848] : "date : Tue, 23 Aug 2022 19:58:24 GMT"
[2022-08-23T19:58:24.254Z] [INFO] [ApiClient596340848] : "host : apitest.cybersource.com"
[2022-08-23T19:58:24.254Z] [INFO] [ApiClient596340848] : "signature : keyid=\"a2b782ee-08e7-40cd-b3e9-349124272b1c\", algorithm=\"HmacSHA256\", headers=\"host date (request-target) digest v-c-merchant-id\", signature=\"SvtHK4hK9SF3TmgKeIGKt/Ssv2D0LgHwtyDan4ydFQI=\""
[2022-08-23T19:58:24.254Z] [INFO] [ApiClient596340848] : "User-Agent : Mozilla/5.0"
[2022-08-23T19:58:24.254Z] [INFO] [ApiClient596340848] : "************************  LOGGING END  ************************"
[2022-08-23T19:58:24.863Z] [INFO] [ApiClient557526085] : "Authentication Type : http_signature"
[2022-08-23T19:58:24.864Z] [INFO] [ApiClient557526085] : "Request Type : GET"
[2022-08-23T19:58:24.864Z] [INFO] [ApiClient557526085] : "signatureHeader : keyid=\"a2b782ee-08e7-40cd-b3e9-349124272b1c\", algorithm=\"HmacSHA256\", headers=\"host date (request-target) v-c-merchant-id\", signature=\"Na7i5L8OZZa0loXFDvfhRFKtWdKnqVJZHGFydG/zGSk=\""
[2022-08-23T19:58:24.865Z] [INFO] [ApiClient557526085] : "v-c-merchant-id : 1124854"
[2022-08-23T19:58:24.865Z] [INFO] [ApiClient557526085] : "date : Tue, 23 Aug 2022 19:58:24 GMT"
[2022-08-23T19:58:24.865Z] [INFO] [ApiClient557526085] : "host : apitest.cybersource.com"
[2022-08-23T19:58:24.865Z] [INFO] [ApiClient557526085] : "signature : keyid=\"a2b782ee-08e7-40cd-b3e9-349124272b1c\", algorithm=\"HmacSHA256\", headers=\"host date (request-target) v-c-merchant-id\", signature=\"Na7i5L8OZZa0loXFDvfhRFKtWdKnqVJZHGFydG/zGSk=\""
[2022-08-23T19:58:24.866Z] [INFO] [ApiClient557526085] : "User-Agent : Mozilla/5.0"
[2022-08-23T19:58:24.866Z] [INFO] [ApiClient557526085] : "************************  LOGGING END  ************************"
[2022-08-23T20:00:02.312Z] [INFO] [MerchantConfig971441415] : "************************ LOGGING START ************************"
[2022-08-23T20:00:02.320Z] [INFO] [ApiClient662966351] : "Authentication Type : http_signature"
[2022-08-23T20:00:02.321Z] [INFO] [ApiClient662966351] : "Request Type : POST"
[2022-08-23T20:00:02.328Z] [INFO] [ApiClient662966351] : "signatureHeader : keyid=\"a2b782ee-08e7-40cd-b3e9-349124272b1c\", algorithm=\"HmacSHA256\", headers=\"host date (request-target) digest v-c-merchant-id\", signature=\"QNUFzq4vyfnaKK1+XtehXHKcmfwm1r8eczQwn0OdJh8=\""
[2022-08-23T20:00:02.329Z] [INFO] [ApiClient662966351] : "digest : SHA-256=ph2mCv0lAzmU0VNjgqUqpQyYXQ9WuhiB54F3p2lZeOY="
[2022-08-23T20:00:02.329Z] [INFO] [ApiClient662966351] : "v-c-merchant-id : 1124854"
[2022-08-23T20:00:02.329Z] [INFO] [ApiClient662966351] : "date : Tue, 23 Aug 2022 20:00:02 GMT"
[2022-08-23T20:00:02.329Z] [INFO] [ApiClient662966351] : "host : apitest.cybersource.com"
[2022-08-23T20:00:02.329Z] [INFO] [ApiClient662966351] : "signature : keyid=\"a2b782ee-08e7-40cd-b3e9-349124272b1c\", algorithm=\"HmacSHA256\", headers=\"host date (request-target) digest v-c-merchant-id\", signature=\"QNUFzq4vyfnaKK1+XtehXHKcmfwm1r8eczQwn0OdJh8=\""
[2022-08-23T20:00:02.330Z] [INFO] [ApiClient662966351] : "User-Agent : Mozilla/5.0"
[2022-08-23T20:00:02.330Z] [INFO] [ApiClient662966351] : "************************  LOGGING END  ************************"
[2022-08-23T20:07:56.517Z] [INFO] [MerchantConfig748582035] : "************************ LOGGING START ************************"
[2022-08-23T20:07:56.527Z] [INFO] [ApiClient3868586] : "Authentication Type : http_signature"
[2022-08-23T20:07:56.528Z] [INFO] [ApiClient3868586] : "Request Type : POST"
[2022-08-23T20:07:56.530Z] [INFO] [ApiClient3868586] : "signatureHeader : keyid=\"a2b782ee-08e7-40cd-b3e9-349124272b1c\", algorithm=\"HmacSHA256\", headers=\"host date (request-target) digest v-c-merchant-id\", signature=\"OQs6qOxlYE+7axQOeRF6V4nE56PULFH+gUKD3HNcEtU=\""
[2022-08-23T20:07:56.530Z] [INFO] [ApiClient3868586] : "digest : SHA-256=HMUDMRl5jz7wwveJgfN84PzxV2WTijEcSF7rsp/k38g="
[2022-08-23T20:07:56.530Z] [INFO] [ApiClient3868586] : "v-c-merchant-id : 1124854"
[2022-08-23T20:07:56.531Z] [INFO] [ApiClient3868586] : "date : Tue, 23 Aug 2022 20:07:56 GMT"
[2022-08-23T20:07:56.531Z] [INFO] [ApiClient3868586] : "host : apitest.cybersource.com"
[2022-08-23T20:07:56.531Z] [INFO] [ApiClient3868586] : "signature : keyid=\"a2b782ee-08e7-40cd-b3e9-349124272b1c\", algorithm=\"HmacSHA256\", headers=\"host date (request-target) digest v-c-merchant-id\", signature=\"OQs6qOxlYE+7axQOeRF6V4nE56PULFH+gUKD3HNcEtU=\""
[2022-08-23T20:07:56.531Z] [INFO] [ApiClient3868586] : "User-Agent : Mozilla/5.0"
[2022-08-23T20:07:56.531Z] [INFO] [ApiClient3868586] : "************************  LOGGING END  ************************"
[2022-08-23T20:10:50.211Z] [INFO] [MerchantConfig536122223] : "************************ LOGGING START ************************"
[2022-08-23T20:10:50.244Z] [INFO] [ApiClient302697423] : "Authentication Type : http_signature"
[2022-08-23T20:10:50.244Z] [INFO] [ApiClient302697423] : "Request Type : POST"
[2022-08-23T20:10:50.254Z] [INFO] [ApiClient302697423] : "signatureHeader : keyid=\"a2b782ee-08e7-40cd-b3e9-349124272b1c\", algorithm=\"HmacSHA256\", headers=\"host date (request-target) digest v-c-merchant-id\", signature=\"e6D5sRr+xagR00B/qxAC6FtyRaRa9HDEHom0q/Hh2+8=\""
[2022-08-23T20:10:50.254Z] [INFO] [ApiClient302697423] : "digest : SHA-256=HMUDMRl5jz7wwveJgfN84PzxV2WTijEcSF7rsp/k38g="
[2022-08-23T20:10:50.254Z] [INFO] [ApiClient302697423] : "v-c-merchant-id : 1124854"
[2022-08-23T20:10:50.255Z] [INFO] [ApiClient302697423] : "date : Tue, 23 Aug 2022 20:10:50 GMT"
[2022-08-23T20:10:50.255Z] [INFO] [ApiClient302697423] : "host : apitest.cybersource.com"
[2022-08-23T20:10:50.255Z] [INFO] [ApiClient302697423] : "signature : keyid=\"a2b782ee-08e7-40cd-b3e9-349124272b1c\", algorithm=\"HmacSHA256\", headers=\"host date (request-target) digest v-c-merchant-id\", signature=\"e6D5sRr+xagR00B/qxAC6FtyRaRa9HDEHom0q/Hh2+8=\""
[2022-08-23T20:10:50.255Z] [INFO] [ApiClient302697423] : "User-Agent : Mozilla/5.0"
[2022-08-23T20:10:50.256Z] [INFO] [ApiClient302697423] : "************************  LOGGING END  ************************"
[2022-08-23T20:11:38.804Z] [INFO] [MerchantConfig147267664] : "************************ LOGGING START ************************"
[2022-08-23T20:11:38.814Z] [INFO] [ApiClient277670169] : "Authentication Type : http_signature"
[2022-08-23T20:11:38.815Z] [INFO] [ApiClient277670169] : "Request Type : POST"
[2022-08-23T20:11:38.825Z] [INFO] [ApiClient277670169] : "signatureHeader : keyid=\"a2b782ee-08e7-40cd-b3e9-349124272b1c\", algorithm=\"HmacSHA256\", headers=\"host date (request-target) digest v-c-merchant-id\", signature=\"++FtC4rdxWvfalKCzlwn2SomgOPMkogDqeL/S0BcVJA=\""
[2022-08-23T20:11:38.826Z] [INFO] [ApiClient277670169] : "digest : SHA-256=PpR3VN9dDtWE6gqzSUynF5wnaSt6txCO6C3B5NK5jyc="
[2022-08-23T20:11:38.854Z] [INFO] [ApiClient277670169] : "v-c-merchant-id : 1124854"
[2022-08-23T20:11:38.854Z] [INFO] [ApiClient277670169] : "date : Tue, 23 Aug 2022 20:11:38 GMT"
[2022-08-23T20:11:38.854Z] [INFO] [ApiClient277670169] : "host : apitest.cybersource.com"
[2022-08-23T20:11:38.855Z] [INFO] [ApiClient277670169] : "signature : keyid=\"a2b782ee-08e7-40cd-b3e9-349124272b1c\", algorithm=\"HmacSHA256\", headers=\"host date (request-target) digest v-c-merchant-id\", signature=\"++FtC4rdxWvfalKCzlwn2SomgOPMkogDqeL/S0BcVJA=\""
[2022-08-23T20:11:38.855Z] [INFO] [ApiClient277670169] : "User-Agent : Mozilla/5.0"
[2022-08-23T20:11:38.855Z] [INFO] [ApiClient277670169] : "************************  LOGGING END  ************************"
[2022-08-23T20:11:38.756Z] [INFO] [MerchantConfig134663572] : "************************ LOGGING START ************************"
[2022-08-23T20:11:39.639Z] [INFO] [ApiClient979725206] : "Authentication Type : http_signature"
[2022-08-23T20:11:39.640Z] [INFO] [ApiClient979725206] : "Request Type : GET"
[2022-08-23T20:11:39.641Z] [INFO] [ApiClient979725206] : "signatureHeader : keyid=\"a2b782ee-08e7-40cd-b3e9-349124272b1c\", algorithm=\"HmacSHA256\", headers=\"host date (request-target) v-c-merchant-id\", signature=\"830pdGCScfEQkLsz3Vj6HmYORXagVTPTbEtua0djRkY=\""
[2022-08-23T20:11:39.641Z] [INFO] [ApiClient979725206] : "v-c-merchant-id : 1124854"
[2022-08-23T20:11:39.641Z] [INFO] [ApiClient979725206] : "date : Tue, 23 Aug 2022 20:11:39 GMT"
[2022-08-23T20:11:39.641Z] [INFO] [ApiClient979725206] : "host : apitest.cybersource.com"
[2022-08-23T20:11:39.642Z] [INFO] [ApiClient979725206] : "signature : keyid=\"a2b782ee-08e7-40cd-b3e9-349124272b1c\", algorithm=\"HmacSHA256\", headers=\"host date (request-target) v-c-merchant-id\", signature=\"830pdGCScfEQkLsz3Vj6HmYORXagVTPTbEtua0djRkY=\""
[2022-08-23T20:11:39.642Z] [INFO] [ApiClient979725206] : "User-Agent : Mozilla/5.0"
[2022-08-23T20:11:39.642Z] [INFO] [ApiClient979725206] : "************************  LOGGING END  ************************"
[2022-08-23T20:12:46.816Z] [INFO] [MerchantConfig551259877] : "************************ LOGGING START ************************"
[2022-08-23T20:12:46.822Z] [INFO] [ApiClient592399715] : "Authentication Type : http_signature"
[2022-08-23T20:12:46.823Z] [INFO] [ApiClient592399715] : "Request Type : POST"
[2022-08-23T20:12:46.824Z] [INFO] [ApiClient592399715] : "signatureHeader : keyid=\"a2b782ee-08e7-40cd-b3e9-349124272b1c\", algorithm=\"HmacSHA256\", headers=\"host date (request-target) digest v-c-merchant-id\", signature=\"K02cki12wwNf3wRBugzui3gt/A+CVKa/HInbnD3skHs=\""
[2022-08-23T20:12:46.824Z] [INFO] [ApiClient592399715] : "digest : SHA-256=ph2mCv0lAzmU0VNjgqUqpQyYXQ9WuhiB54F3p2lZeOY="
[2022-08-23T20:12:46.824Z] [INFO] [ApiClient592399715] : "v-c-merchant-id : 1124854"
[2022-08-23T20:12:46.825Z] [INFO] [ApiClient592399715] : "date : Tue, 23 Aug 2022 20:12:46 GMT"
[2022-08-23T20:12:46.827Z] [INFO] [ApiClient592399715] : "host : apitest.cybersource.com"
[2022-08-23T20:12:46.828Z] [INFO] [ApiClient592399715] : "signature : keyid=\"a2b782ee-08e7-40cd-b3e9-349124272b1c\", algorithm=\"HmacSHA256\", headers=\"host date (request-target) digest v-c-merchant-id\", signature=\"K02cki12wwNf3wRBugzui3gt/A+CVKa/HInbnD3skHs=\""
[2022-08-23T20:12:46.829Z] [INFO] [ApiClient592399715] : "User-Agent : Mozilla/5.0"
[2022-08-23T20:12:46.830Z] [INFO] [ApiClient592399715] : "************************  LOGGING END  ************************"
[2022-08-23T20:15:52.966Z] [INFO] [MerchantConfig352965045] : "************************ LOGGING START ************************"
[2022-08-23T20:15:52.978Z] [INFO] [ApiClient306162264] : "Authentication Type : http_signature"
[2022-08-23T20:15:52.978Z] [INFO] [ApiClient306162264] : "Request Type : POST"
[2022-08-23T20:15:52.980Z] [INFO] [ApiClient306162264] : "signatureHeader : keyid=\"a2b782ee-08e7-40cd-b3e9-349124272b1c\", algorithm=\"HmacSHA256\", headers=\"host date (request-target) digest v-c-merchant-id\", signature=\"8gxUPF+N3YPPzQ6sYJwl1rkA61zrQGx8XLWHLjwTrgo=\""
[2022-08-23T20:15:52.980Z] [INFO] [ApiClient306162264] : "digest : SHA-256=HMUDMRl5jz7wwveJgfN84PzxV2WTijEcSF7rsp/k38g="
[2022-08-23T20:15:52.980Z] [INFO] [ApiClient306162264] : "v-c-merchant-id : 1124854"
[2022-08-23T20:15:52.980Z] [INFO] [ApiClient306162264] : "date : Tue, 23 Aug 2022 20:15:52 GMT"
[2022-08-23T20:15:52.980Z] [INFO] [ApiClient306162264] : "host : apitest.cybersource.com"
[2022-08-23T20:15:52.981Z] [INFO] [ApiClient306162264] : "signature : keyid=\"a2b782ee-08e7-40cd-b3e9-349124272b1c\", algorithm=\"HmacSHA256\", headers=\"host date (request-target) digest v-c-merchant-id\", signature=\"8gxUPF+N3YPPzQ6sYJwl1rkA61zrQGx8XLWHLjwTrgo=\""
[2022-08-23T20:15:52.981Z] [INFO] [ApiClient306162264] : "User-Agent : Mozilla/5.0"
[2022-08-23T20:15:52.981Z] [INFO] [ApiClient306162264] : "************************  LOGGING END  ************************"
[2022-08-23T20:16:44.407Z] [INFO] [MerchantConfig444900564] : "************************ LOGGING START ************************"
[2022-08-23T20:16:44.442Z] [INFO] [MerchantConfig41595072] : "************************ LOGGING START ************************"
[2022-08-23T20:16:44.494Z] [INFO] [ApiClient547726800] : "Authentication Type : http_signature"
[2022-08-23T20:16:44.495Z] [INFO] [ApiClient547726800] : "Request Type : POST"
[2022-08-23T20:16:44.496Z] [INFO] [ApiClient547726800] : "signatureHeader : keyid=\"a2b782ee-08e7-40cd-b3e9-349124272b1c\", algorithm=\"HmacSHA256\", headers=\"host date (request-target) digest v-c-merchant-id\", signature=\"E1aOf0Fq+hcvL4OM6R5x/Tj/dRD9s8RZXpT1zxCadbA=\""
[2022-08-23T20:16:44.497Z] [INFO] [ApiClient547726800] : "digest : SHA-256=PpR3VN9dDtWE6gqzSUynF5wnaSt6txCO6C3B5NK5jyc="
[2022-08-23T20:16:44.497Z] [INFO] [ApiClient547726800] : "v-c-merchant-id : 1124854"
[2022-08-23T20:16:44.497Z] [INFO] [ApiClient547726800] : "date : Tue, 23 Aug 2022 20:16:44 GMT"
[2022-08-23T20:16:44.499Z] [INFO] [ApiClient547726800] : "host : apitest.cybersource.com"
[2022-08-23T20:16:44.500Z] [INFO] [ApiClient547726800] : "signature : keyid=\"a2b782ee-08e7-40cd-b3e9-349124272b1c\", algorithm=\"HmacSHA256\", headers=\"host date (request-target) digest v-c-merchant-id\", signature=\"E1aOf0Fq+hcvL4OM6R5x/Tj/dRD9s8RZXpT1zxCadbA=\""
[2022-08-23T20:16:44.500Z] [INFO] [ApiClient547726800] : "User-Agent : Mozilla/5.0"
[2022-08-23T20:16:44.500Z] [INFO] [ApiClient547726800] : "************************  LOGGING END  ************************"
[2022-08-23T20:16:45.091Z] [INFO] [ApiClient562382608] : "Authentication Type : http_signature"
[2022-08-23T20:16:45.091Z] [INFO] [ApiClient562382608] : "Request Type : GET"
[2022-08-23T20:16:45.092Z] [INFO] [ApiClient562382608] : "signatureHeader : keyid=\"a2b782ee-08e7-40cd-b3e9-349124272b1c\", algorithm=\"HmacSHA256\", headers=\"host date (request-target) v-c-merchant-id\", signature=\"etGNebp2UloP3rLPibj+HN7UwrQYcx0OuJ2lBGOx0Ww=\""
[2022-08-23T20:16:45.092Z] [INFO] [ApiClient562382608] : "v-c-merchant-id : 1124854"
[2022-08-23T20:16:45.093Z] [INFO] [ApiClient562382608] : "date : Tue, 23 Aug 2022 20:16:45 GMT"
[2022-08-23T20:16:45.093Z] [INFO] [ApiClient562382608] : "host : apitest.cybersource.com"
[2022-08-23T20:16:45.093Z] [INFO] [ApiClient562382608] : "signature : keyid=\"a2b782ee-08e7-40cd-b3e9-349124272b1c\", algorithm=\"HmacSHA256\", headers=\"host date (request-target) v-c-merchant-id\", signature=\"etGNebp2UloP3rLPibj+HN7UwrQYcx0OuJ2lBGOx0Ww=\""
[2022-08-23T20:16:45.093Z] [INFO] [ApiClient562382608] : "User-Agent : Mozilla/5.0"
[2022-08-23T20:16:45.093Z] [INFO] [ApiClient562382608] : "************************  LOGGING END  ************************"
[2022-08-23T20:17:57.025Z] [INFO] [MerchantConfig290110079] : "************************ LOGGING START ************************"
[2022-08-23T20:17:57.059Z] [INFO] [ApiClient500795148] : "Authentication Type : http_signature"
[2022-08-23T20:17:57.060Z] [INFO] [ApiClient500795148] : "Request Type : POST"
[2022-08-23T20:17:57.062Z] [INFO] [ApiClient500795148] : "signatureHeader : keyid=\"a2b782ee-08e7-40cd-b3e9-349124272b1c\", algorithm=\"HmacSHA256\", headers=\"host date (request-target) digest v-c-merchant-id\", signature=\"Fv00yo18+wFF09oU7hSb/7okYnvFg0EQ57BR2oFHECQ=\""
[2022-08-23T20:17:57.062Z] [INFO] [ApiClient500795148] : "digest : SHA-256=ph2mCv0lAzmU0VNjgqUqpQyYXQ9WuhiB54F3p2lZeOY="
[2022-08-23T20:17:57.062Z] [INFO] [ApiClient500795148] : "v-c-merchant-id : 1124854"
[2022-08-23T20:17:57.065Z] [INFO] [ApiClient500795148] : "date : Tue, 23 Aug 2022 20:17:57 GMT"
[2022-08-23T20:17:57.070Z] [INFO] [ApiClient500795148] : "host : apitest.cybersource.com"
[2022-08-23T20:17:57.070Z] [INFO] [ApiClient500795148] : "signature : keyid=\"a2b782ee-08e7-40cd-b3e9-349124272b1c\", algorithm=\"HmacSHA256\", headers=\"host date (request-target) digest v-c-merchant-id\", signature=\"Fv00yo18+wFF09oU7hSb/7okYnvFg0EQ57BR2oFHECQ=\""
[2022-08-23T20:17:57.071Z] [INFO] [ApiClient500795148] : "User-Agent : Mozilla/5.0"
[2022-08-23T20:17:57.071Z] [INFO] [ApiClient500795148] : "************************  LOGGING END  ************************"
[2022-08-24T00:50:57.785Z] [INFO] [MerchantConfig715956912] : "************************ LOGGING START ************************"
[2022-08-24T00:50:57.819Z] [INFO] [ApiClient995498596] : "Authentication Type : http_signature"
[2022-08-24T00:50:57.819Z] [INFO] [ApiClient995498596] : "Request Type : POST"
[2022-08-24T00:50:57.825Z] [INFO] [ApiClient995498596] : "signatureHeader : keyid=\"a2b782ee-08e7-40cd-b3e9-349124272b1c\", algorithm=\"HmacSHA256\", headers=\"host date (request-target) digest v-c-merchant-id\", signature=\"Q/kyChnLDFlWY3ryjxg14Mj4056JYNX3eISWONe0dXs=\""
[2022-08-24T00:50:57.825Z] [INFO] [ApiClient995498596] : "digest : SHA-256=ph2mCv0lAzmU0VNjgqUqpQyYXQ9WuhiB54F3p2lZeOY="
[2022-08-24T00:50:57.825Z] [INFO] [ApiClient995498596] : "v-c-merchant-id : 1124854"
[2022-08-24T00:50:57.826Z] [INFO] [ApiClient995498596] : "date : Wed, 24 Aug 2022 00:50:57 GMT"
[2022-08-24T00:50:57.826Z] [INFO] [ApiClient995498596] : "host : apitest.cybersource.com"
[2022-08-24T00:50:57.827Z] [INFO] [ApiClient995498596] : "signature : keyid=\"a2b782ee-08e7-40cd-b3e9-349124272b1c\", algorithm=\"HmacSHA256\", headers=\"host date (request-target) digest v-c-merchant-id\", signature=\"Q/kyChnLDFlWY3ryjxg14Mj4056JYNX3eISWONe0dXs=\""
[2022-08-24T00:50:57.827Z] [INFO] [ApiClient995498596] : "User-Agent : Mozilla/5.0"
[2022-08-24T00:50:57.828Z] [INFO] [ApiClient995498596] : "************************  LOGGING END  ************************"
[2022-08-24T00:51:33.735Z] [INFO] [MerchantConfig482480986] : "************************ LOGGING START ************************"
[2022-08-24T00:51:33.752Z] [INFO] [MerchantConfig75086651] : "************************ LOGGING START ************************"
[2022-08-24T00:51:33.759Z] [INFO] [ApiClient902367502] : "Authentication Type : http_signature"
[2022-08-24T00:51:33.760Z] [INFO] [ApiClient902367502] : "Request Type : POST"
[2022-08-24T00:51:33.763Z] [INFO] [ApiClient902367502] : "signatureHeader : keyid=\"a2b782ee-08e7-40cd-b3e9-349124272b1c\", algorithm=\"HmacSHA256\", headers=\"host date (request-target) digest v-c-merchant-id\", signature=\"24wmPVYodvoV7GgYu2jv3USiYxI9Ih1KRmHum4m4CfQ=\""
[2022-08-24T00:51:33.764Z] [INFO] [ApiClient902367502] : "digest : SHA-256=PpR3VN9dDtWE6gqzSUynF5wnaSt6txCO6C3B5NK5jyc="
[2022-08-24T00:51:33.764Z] [INFO] [ApiClient902367502] : "v-c-merchant-id : 1124854"
[2022-08-24T00:51:33.764Z] [INFO] [ApiClient902367502] : "date : Wed, 24 Aug 2022 00:51:33 GMT"
[2022-08-24T00:51:33.764Z] [INFO] [ApiClient902367502] : "host : apitest.cybersource.com"
[2022-08-24T00:51:33.765Z] [INFO] [ApiClient902367502] : "signature : keyid=\"a2b782ee-08e7-40cd-b3e9-349124272b1c\", algorithm=\"HmacSHA256\", headers=\"host date (request-target) digest v-c-merchant-id\", signature=\"24wmPVYodvoV7GgYu2jv3USiYxI9Ih1KRmHum4m4CfQ=\""
[2022-08-24T00:51:33.765Z] [INFO] [ApiClient902367502] : "User-Agent : Mozilla/5.0"
[2022-08-24T00:51:33.766Z] [INFO] [ApiClient902367502] : "************************  LOGGING END  ************************"
[2022-08-24T00:51:34.667Z] [INFO] [ApiClient860592664] : "Authentication Type : http_signature"
[2022-08-24T00:51:34.667Z] [INFO] [ApiClient860592664] : "Request Type : GET"
[2022-08-24T00:51:34.668Z] [INFO] [ApiClient860592664] : "signatureHeader : keyid=\"a2b782ee-08e7-40cd-b3e9-349124272b1c\", algorithm=\"HmacSHA256\", headers=\"host date (request-target) v-c-merchant-id\", signature=\"XrmVgQn+7gg+uCk3cqFDEgqjFXFRiXnyYIXadMcoGK0=\""
[2022-08-24T00:51:34.669Z] [INFO] [ApiClient860592664] : "v-c-merchant-id : 1124854"
[2022-08-24T00:51:34.669Z] [INFO] [ApiClient860592664] : "date : Wed, 24 Aug 2022 00:51:34 GMT"
[2022-08-24T00:51:34.669Z] [INFO] [ApiClient860592664] : "host : apitest.cybersource.com"
[2022-08-24T00:51:34.669Z] [INFO] [ApiClient860592664] : "signature : keyid=\"a2b782ee-08e7-40cd-b3e9-349124272b1c\", algorithm=\"HmacSHA256\", headers=\"host date (request-target) v-c-merchant-id\", signature=\"XrmVgQn+7gg+uCk3cqFDEgqjFXFRiXnyYIXadMcoGK0=\""
[2022-08-24T00:51:34.669Z] [INFO] [ApiClient860592664] : "User-Agent : Mozilla/5.0"
[2022-08-24T00:51:34.669Z] [INFO] [ApiClient860592664] : "************************  LOGGING END  ************************"
[2022-08-24T00:57:35.794Z] [INFO] [MerchantConfig948851120] : "************************ LOGGING START ************************"
[2022-08-24T00:57:35.812Z] [INFO] [MerchantConfig361727966] : "************************ LOGGING START ************************"
[2022-08-24T00:57:35.834Z] [INFO] [ApiClient865428192] : "Authentication Type : http_signature"
[2022-08-24T00:57:35.835Z] [INFO] [ApiClient865428192] : "Request Type : POST"
[2022-08-24T00:57:35.839Z] [INFO] [ApiClient865428192] : "signatureHeader : keyid=\"a2b782ee-08e7-40cd-b3e9-349124272b1c\", algorithm=\"HmacSHA256\", headers=\"host date (request-target) digest v-c-merchant-id\", signature=\"shq/FVSxvI08ZkuJNsN4uOAHl1zRcrPMFRm8CJXJh+U=\""
[2022-08-24T00:57:35.840Z] [INFO] [ApiClient865428192] : "digest : SHA-256=PpR3VN9dDtWE6gqzSUynF5wnaSt6txCO6C3B5NK5jyc="
[2022-08-24T00:57:35.840Z] [INFO] [ApiClient865428192] : "v-c-merchant-id : 1124854"
[2022-08-24T00:57:35.840Z] [INFO] [ApiClient865428192] : "date : Wed, 24 Aug 2022 00:57:35 GMT"
[2022-08-24T00:57:35.841Z] [INFO] [ApiClient865428192] : "host : apitest.cybersource.com"
[2022-08-24T00:57:35.841Z] [INFO] [ApiClient865428192] : "signature : keyid=\"a2b782ee-08e7-40cd-b3e9-349124272b1c\", algorithm=\"HmacSHA256\", headers=\"host date (request-target) digest v-c-merchant-id\", signature=\"shq/FVSxvI08ZkuJNsN4uOAHl1zRcrPMFRm8CJXJh+U=\""
[2022-08-24T00:57:35.842Z] [INFO] [ApiClient865428192] : "User-Agent : Mozilla/5.0"
[2022-08-24T00:57:35.842Z] [INFO] [ApiClient865428192] : "************************  LOGGING END  ************************"
[2022-08-24T00:57:36.769Z] [INFO] [ApiClient240256725] : "Authentication Type : http_signature"
[2022-08-24T00:57:36.769Z] [INFO] [ApiClient240256725] : "Request Type : GET"
[2022-08-24T00:57:36.770Z] [INFO] [ApiClient240256725] : "signatureHeader : keyid=\"a2b782ee-08e7-40cd-b3e9-349124272b1c\", algorithm=\"HmacSHA256\", headers=\"host date (request-target) v-c-merchant-id\", signature=\"i7MWDspJtceXQekoZkZN4xPZ1E/hVE9EHFG6V19g0nM=\""
[2022-08-24T00:57:36.770Z] [INFO] [ApiClient240256725] : "v-c-merchant-id : 1124854"
[2022-08-24T00:57:36.771Z] [INFO] [ApiClient240256725] : "date : Wed, 24 Aug 2022 00:57:36 GMT"
[2022-08-24T00:57:36.771Z] [INFO] [ApiClient240256725] : "host : apitest.cybersource.com"
[2022-08-24T00:57:36.771Z] [INFO] [ApiClient240256725] : "signature : keyid=\"a2b782ee-08e7-40cd-b3e9-349124272b1c\", algorithm=\"HmacSHA256\", headers=\"host date (request-target) v-c-merchant-id\", signature=\"i7MWDspJtceXQekoZkZN4xPZ1E/hVE9EHFG6V19g0nM=\""
[2022-08-24T00:57:36.771Z] [INFO] [ApiClient240256725] : "User-Agent : Mozilla/5.0"
[2022-08-24T00:57:36.771Z] [INFO] [ApiClient240256725] : "************************  LOGGING END  ************************"
