[2022-08-30T17:39:41.964Z] [INFO] [MerchantConfig864316332] : "************************ LOGGING START ************************"
[2022-08-30T17:39:41.973Z] [INFO] [ApiClient277147145] : "Authentication Type : http_signature"
[2022-08-30T17:39:41.974Z] [INFO] [ApiClient277147145] : "Request Type : POST"
[2022-08-30T17:39:41.977Z] [INFO] [ApiClient277147145] : "signatureHeader : keyid=\"a2b782ee-08e7-40cd-b3e9-349124272b1c\", algorithm=\"HmacSHA256\", headers=\"host date (request-target) digest v-c-merchant-id\", signature=\"T4scsi94Z77HNqE5qBiB/8WQzNZSPyh2sv+xs0Mn4qE=\""
[2022-08-30T17:39:41.977Z] [INFO] [ApiClient277147145] : "digest : SHA-256=HMUDMRl5jz7wwveJgfN84PzxV2WTijEcSF7rsp/k38g="
[2022-08-30T17:39:41.977Z] [INFO] [ApiClient277147145] : "v-c-merchant-id : 1124854"
[2022-08-30T17:39:41.977Z] [INFO] [ApiClient277147145] : "date : Tue, 30 Aug 2022 17:39:41 GMT"
[2022-08-30T17:39:41.980Z] [INFO] [ApiClient277147145] : "host : apitest.cybersource.com"
[2022-08-30T17:39:41.980Z] [INFO] [ApiClient277147145] : "signature : keyid=\"a2b782ee-08e7-40cd-b3e9-349124272b1c\", algorithm=\"HmacSHA256\", headers=\"host date (request-target) digest v-c-merchant-id\", signature=\"T4scsi94Z77HNqE5qBiB/8WQzNZSPyh2sv+xs0Mn4qE=\""
[2022-08-30T17:39:41.981Z] [INFO] [ApiClient277147145] : "User-Agent : Mozilla/5.0"
[2022-08-30T17:39:41.981Z] [INFO] [ApiClient277147145] : "************************  LOGGING END  ************************"
[2022-08-30T17:51:40.335Z] [INFO] [MerchantConfig938168323] : "************************ LOGGING START ************************"
[2022-08-30T17:51:40.343Z] [INFO] [ApiClient878905984] : "Authentication Type : http_signature"
[2022-08-30T17:51:40.344Z] [INFO] [ApiClient878905984] : "Request Type : POST"
[2022-08-30T17:51:40.348Z] [INFO] [ApiClient878905984] : "signatureHeader : keyid=\"a2b782ee-08e7-40cd-b3e9-349124272b1c\", algorithm=\"HmacSHA256\", headers=\"host date (request-target) digest v-c-merchant-id\", signature=\"UJJsF3QjNuzfBgml3h6j2cqceXVlhVTDY7yuJOWHlEI=\""
[2022-08-30T17:51:40.349Z] [INFO] [ApiClient878905984] : "digest : SHA-256=QqzOP9GtN/wmWu+5Avdzb9S3NO7Kz88DSpV21y37uQ8="
[2022-08-30T17:51:40.349Z] [INFO] [ApiClient878905984] : "v-c-merchant-id : 1124854"
[2022-08-30T17:51:40.349Z] [INFO] [ApiClient878905984] : "date : Tue, 30 Aug 2022 17:51:40 GMT"
[2022-08-30T17:51:40.349Z] [INFO] [ApiClient878905984] : "host : apitest.cybersource.com"
[2022-08-30T17:51:40.349Z] [INFO] [ApiClient878905984] : "signature : keyid=\"a2b782ee-08e7-40cd-b3e9-349124272b1c\", algorithm=\"HmacSHA256\", headers=\"host date (request-target) digest v-c-merchant-id\", signature=\"UJJsF3QjNuzfBgml3h6j2cqceXVlhVTDY7yuJOWHlEI=\""
[2022-08-30T17:51:40.350Z] [INFO] [ApiClient878905984] : "User-Agent : Mozilla/5.0"
[2022-08-30T17:51:40.350Z] [INFO] [ApiClient878905984] : "************************  LOGGING END  ************************"
[2022-08-30T17:54:30.195Z] [INFO] [MerchantConfig844326179] : "************************ LOGGING START ************************"
[2022-08-30T17:54:30.203Z] [INFO] [ApiClient916797520] : "Authentication Type : http_signature"
[2022-08-30T17:54:30.204Z] [INFO] [ApiClient916797520] : "Request Type : POST"
[2022-08-30T17:54:30.206Z] [INFO] [ApiClient916797520] : "signatureHeader : keyid=\"a2b782ee-08e7-40cd-b3e9-349124272b1c\", algorithm=\"HmacSHA256\", headers=\"host date (request-target) digest v-c-merchant-id\", signature=\"rKi26FN1J6eGQMvKykMo5l7WZI49fjgNOwT3893LNxE=\""
[2022-08-30T17:54:30.207Z] [INFO] [ApiClient916797520] : "digest : SHA-256=HMUDMRl5jz7wwveJgfN84PzxV2WTijEcSF7rsp/k38g="
[2022-08-30T17:54:30.207Z] [INFO] [ApiClient916797520] : "v-c-merchant-id : 1124854"
[2022-08-30T17:54:30.207Z] [INFO] [ApiClient916797520] : "date : Tue, 30 Aug 2022 17:54:30 GMT"
[2022-08-30T17:54:30.207Z] [INFO] [ApiClient916797520] : "host : apitest.cybersource.com"
[2022-08-30T17:54:30.207Z] [INFO] [ApiClient916797520] : "signature : keyid=\"a2b782ee-08e7-40cd-b3e9-349124272b1c\", algorithm=\"HmacSHA256\", headers=\"host date (request-target) digest v-c-merchant-id\", signature=\"rKi26FN1J6eGQMvKykMo5l7WZI49fjgNOwT3893LNxE=\""
[2022-08-30T17:54:30.208Z] [INFO] [ApiClient916797520] : "User-Agent : Mozilla/5.0"
[2022-08-30T17:54:30.209Z] [INFO] [ApiClient916797520] : "************************  LOGGING END  ************************"
[2022-08-30T17:56:18.659Z] [INFO] [MerchantConfig595759153] : "************************ LOGGING START ************************"
[2022-08-30T17:56:18.665Z] [INFO] [ApiClient392120652] : "Authentication Type : http_signature"
[2022-08-30T17:56:18.665Z] [INFO] [ApiClient392120652] : "Request Type : POST"
[2022-08-30T17:56:18.667Z] [INFO] [ApiClient392120652] : "signatureHeader : keyid=\"a2b782ee-08e7-40cd-b3e9-349124272b1c\", algorithm=\"HmacSHA256\", headers=\"host date (request-target) digest v-c-merchant-id\", signature=\"AXCH6jlDqHD6O7SCS/cYdVSpvlPLCT2vreNuEWzrTE0=\""
[2022-08-30T17:56:18.667Z] [INFO] [ApiClient392120652] : "digest : SHA-256=QqzOP9GtN/wmWu+5Avdzb9S3NO7Kz88DSpV21y37uQ8="
[2022-08-30T17:56:18.667Z] [INFO] [ApiClient392120652] : "v-c-merchant-id : 1124854"
[2022-08-30T17:56:18.667Z] [INFO] [ApiClient392120652] : "date : Tue, 30 Aug 2022 17:56:18 GMT"
[2022-08-30T17:56:18.668Z] [INFO] [ApiClient392120652] : "host : apitest.cybersource.com"
[2022-08-30T17:56:18.668Z] [INFO] [ApiClient392120652] : "signature : keyid=\"a2b782ee-08e7-40cd-b3e9-349124272b1c\", algorithm=\"HmacSHA256\", headers=\"host date (request-target) digest v-c-merchant-id\", signature=\"AXCH6jlDqHD6O7SCS/cYdVSpvlPLCT2vreNuEWzrTE0=\""
[2022-08-30T17:56:18.669Z] [INFO] [ApiClient392120652] : "User-Agent : Mozilla/5.0"
[2022-08-30T17:56:18.670Z] [INFO] [ApiClient392120652] : "************************  LOGGING END  ************************"
[2022-08-30T18:08:01.774Z] [INFO] [MerchantConfig122918643] : "************************ LOGGING START ************************"
[2022-08-30T18:08:01.781Z] [INFO] [ApiClient141849748] : "Authentication Type : http_signature"
[2022-08-30T18:08:01.782Z] [INFO] [ApiClient141849748] : "Request Type : POST"
[2022-08-30T18:08:01.783Z] [INFO] [ApiClient141849748] : "signatureHeader : keyid=\"e547c3d3-16e4-444c-9313-2a08784b906a\", algorithm=\"HmacSHA256\", headers=\"host date (request-target) digest v-c-merchant-id\", signature=\"PymvU3RBGf0mxMgswM6XuVKp6rqWdK7T75C35JXBbkg=\""
[2022-08-30T18:08:01.783Z] [INFO] [ApiClient141849748] : "digest : SHA-256=QqzOP9GtN/wmWu+5Avdzb9S3NO7Kz88DSpV21y37uQ8="
[2022-08-30T18:08:01.783Z] [INFO] [ApiClient141849748] : "v-c-merchant-id : testrest_cpctv"
[2022-08-30T18:08:01.783Z] [INFO] [ApiClient141849748] : "date : Tue, 30 Aug 2022 18:08:01 GMT"
[2022-08-30T18:08:01.783Z] [INFO] [ApiClient141849748] : "host : apitest.cybersource.com"
[2022-08-30T18:08:01.783Z] [INFO] [ApiClient141849748] : "signature : keyid=\"e547c3d3-16e4-444c-9313-2a08784b906a\", algorithm=\"HmacSHA256\", headers=\"host date (request-target) digest v-c-merchant-id\", signature=\"PymvU3RBGf0mxMgswM6XuVKp6rqWdK7T75C35JXBbkg=\""
[2022-08-30T18:08:01.784Z] [INFO] [ApiClient141849748] : "User-Agent : Mozilla/5.0"
[2022-08-30T18:08:01.784Z] [INFO] [ApiClient141849748] : "************************  LOGGING END  ************************"
[2022-08-30T18:22:45.469Z] [INFO] [MerchantConfig776458722] : "************************ LOGGING START ************************"
[2022-08-30T18:22:45.476Z] [INFO] [ApiClient428288691] : "Authentication Type : http_signature"
[2022-08-30T18:22:45.477Z] [INFO] [ApiClient428288691] : "Request Type : POST"
[2022-08-30T18:22:45.478Z] [INFO] [ApiClient428288691] : "signatureHeader : keyid=\"a2b782ee-08e7-40cd-b3e9-349124272b1c\", algorithm=\"HmacSHA256\", headers=\"host date (request-target) digest v-c-merchant-id\", signature=\"Gk3yfwKIBmLN6tw+fNkAuRiKzkZfsMKEM3F8ue1dyow=\""
[2022-08-30T18:22:45.478Z] [INFO] [ApiClient428288691] : "digest : SHA-256=HMUDMRl5jz7wwveJgfN84PzxV2WTijEcSF7rsp/k38g="
[2022-08-30T18:22:45.478Z] [INFO] [ApiClient428288691] : "v-c-merchant-id : 1124854"
[2022-08-30T18:22:45.478Z] [INFO] [ApiClient428288691] : "date : Tue, 30 Aug 2022 18:22:45 GMT"
[2022-08-30T18:22:45.478Z] [INFO] [ApiClient428288691] : "host : apitest.cybersource.com"
[2022-08-30T18:22:45.479Z] [INFO] [ApiClient428288691] : "signature : keyid=\"a2b782ee-08e7-40cd-b3e9-349124272b1c\", algorithm=\"HmacSHA256\", headers=\"host date (request-target) digest v-c-merchant-id\", signature=\"Gk3yfwKIBmLN6tw+fNkAuRiKzkZfsMKEM3F8ue1dyow=\""
[2022-08-30T18:22:45.479Z] [INFO] [ApiClient428288691] : "User-Agent : Mozilla/5.0"
[2022-08-30T18:22:45.479Z] [INFO] [ApiClient428288691] : "************************  LOGGING END  ************************"
[2022-08-30T18:28:38.903Z] [INFO] [MerchantConfig667020842] : "************************ LOGGING START ************************"
[2022-08-30T18:28:38.914Z] [INFO] [MerchantConfig992060484] : "************************ LOGGING START ************************"
[2022-08-30T18:28:38.919Z] [INFO] [ApiClient279577259] : "Authentication Type : http_signature"
[2022-08-30T18:28:38.920Z] [INFO] [ApiClient279577259] : "Request Type : POST"
[2022-08-30T18:28:38.921Z] [INFO] [ApiClient279577259] : "signatureHeader : keyid=\"a2b782ee-08e7-40cd-b3e9-349124272b1c\", algorithm=\"HmacSHA256\", headers=\"host date (request-target) digest v-c-merchant-id\", signature=\"Wn/a5g7tSnOwUhPwjlpTPQ/3c4m17ICRCeLSmkliOPI=\""
[2022-08-30T18:28:38.921Z] [INFO] [ApiClient279577259] : "digest : SHA-256=6FhQyo7ypxEtAkFfr9mnNn5ByZPpcGdxO+WJBvXuiTY="
[2022-08-30T18:28:38.921Z] [INFO] [ApiClient279577259] : "v-c-merchant-id : 1124854"
[2022-08-30T18:28:38.921Z] [INFO] [ApiClient279577259] : "date : Tue, 30 Aug 2022 18:28:38 GMT"
[2022-08-30T18:28:38.921Z] [INFO] [ApiClient279577259] : "host : apitest.cybersource.com"
[2022-08-30T18:28:38.921Z] [INFO] [ApiClient279577259] : "signature : keyid=\"a2b782ee-08e7-40cd-b3e9-349124272b1c\", algorithm=\"HmacSHA256\", headers=\"host date (request-target) digest v-c-merchant-id\", signature=\"Wn/a5g7tSnOwUhPwjlpTPQ/3c4m17ICRCeLSmkliOPI=\""
[2022-08-30T18:28:38.922Z] [INFO] [ApiClient279577259] : "User-Agent : Mozilla/5.0"
[2022-08-30T18:28:38.922Z] [INFO] [ApiClient279577259] : "************************  LOGGING END  ************************"
[2022-08-30T18:30:49.680Z] [INFO] [MerchantConfig720538025] : "************************ LOGGING START ************************"
[2022-08-30T18:30:49.702Z] [INFO] [ApiClient522575810] : "Authentication Type : http_signature"
[2022-08-30T18:30:49.703Z] [INFO] [ApiClient522575810] : "Request Type : POST"
[2022-08-30T18:30:49.711Z] [INFO] [ApiClient522575810] : "signatureHeader : keyid=\"a2b782ee-08e7-40cd-b3e9-349124272b1c\", algorithm=\"HmacSHA256\", headers=\"host date (request-target) digest v-c-merchant-id\", signature=\"xNLy9w+Jg+Av2b0Lxm0FF25tAum4OQjR196lZiQzewk=\""
[2022-08-30T18:30:49.712Z] [INFO] [ApiClient522575810] : "digest : SHA-256=6FhQyo7ypxEtAkFfr9mnNn5ByZPpcGdxO+WJBvXuiTY="
[2022-08-30T18:30:49.712Z] [INFO] [ApiClient522575810] : "v-c-merchant-id : 1124854"
[2022-08-30T18:30:49.712Z] [INFO] [ApiClient522575810] : "date : Tue, 30 Aug 2022 18:30:49 GMT"
[2022-08-30T18:30:49.713Z] [INFO] [ApiClient522575810] : "host : apitest.cybersource.com"
[2022-08-30T18:30:49.713Z] [INFO] [ApiClient522575810] : "signature : keyid=\"a2b782ee-08e7-40cd-b3e9-349124272b1c\", algorithm=\"HmacSHA256\", headers=\"host date (request-target) digest v-c-merchant-id\", signature=\"xNLy9w+Jg+Av2b0Lxm0FF25tAum4OQjR196lZiQzewk=\""
[2022-08-30T18:30:49.713Z] [INFO] [ApiClient522575810] : "User-Agent : Mozilla/5.0"
[2022-08-30T18:30:49.713Z] [INFO] [ApiClient522575810] : "************************  LOGGING END  ************************"
[2022-08-30T18:30:49.695Z] [INFO] [MerchantConfig873671666] : "************************ LOGGING START ************************"
[2022-08-30T18:31:20.528Z] [INFO] [MerchantConfig231700588] : "************************ LOGGING START ************************"
[2022-08-30T18:33:34.850Z] [INFO] [MerchantConfig753733906] : "************************ LOGGING START ************************"
[2022-08-30T18:39:03.543Z] [INFO] [MerchantConfig638538701] : "************************ LOGGING START ************************"
[2022-08-30T18:40:12.472Z] [INFO] [MerchantConfig336377146] : "************************ LOGGING START ************************"
[2022-08-30T18:40:12.503Z] [INFO] [MerchantConfig285494539] : "************************ LOGGING START ************************"
[2022-08-30T18:40:12.515Z] [INFO] [ApiClient647077342] : "Authentication Type : http_signature"
[2022-08-30T18:40:12.515Z] [INFO] [ApiClient647077342] : "Request Type : POST"
[2022-08-30T18:40:12.520Z] [INFO] [ApiClient647077342] : "signatureHeader : keyid=\"a2b782ee-08e7-40cd-b3e9-349124272b1c\", algorithm=\"HmacSHA256\", headers=\"host date (request-target) digest v-c-merchant-id\", signature=\"CKvK/a9Fu1IY3yoADP3uREYaDUU2G+sY+ZV4HyVlyKA=\""
[2022-08-30T18:40:12.520Z] [INFO] [ApiClient647077342] : "digest : SHA-256=PpR3VN9dDtWE6gqzSUynF5wnaSt6txCO6C3B5NK5jyc="
[2022-08-30T18:40:12.520Z] [INFO] [ApiClient647077342] : "v-c-merchant-id : 1124854"
[2022-08-30T18:40:12.520Z] [INFO] [ApiClient647077342] : "date : Tue, 30 Aug 2022 18:40:12 GMT"
[2022-08-30T18:40:12.521Z] [INFO] [ApiClient647077342] : "host : apitest.cybersource.com"
[2022-08-30T18:40:12.521Z] [INFO] [ApiClient647077342] : "signature : keyid=\"a2b782ee-08e7-40cd-b3e9-349124272b1c\", algorithm=\"HmacSHA256\", headers=\"host date (request-target) digest v-c-merchant-id\", signature=\"CKvK/a9Fu1IY3yoADP3uREYaDUU2G+sY+ZV4HyVlyKA=\""
[2022-08-30T18:40:12.521Z] [INFO] [ApiClient647077342] : "User-Agent : Mozilla/5.0"
[2022-08-30T18:40:12.521Z] [INFO] [ApiClient647077342] : "************************  LOGGING END  ************************"
[2022-08-30T18:40:13.408Z] [INFO] [ApiClient198336361] : "Authentication Type : http_signature"
[2022-08-30T18:40:13.408Z] [INFO] [ApiClient198336361] : "Request Type : GET"
[2022-08-30T18:40:13.410Z] [INFO] [ApiClient198336361] : "signatureHeader : keyid=\"a2b782ee-08e7-40cd-b3e9-349124272b1c\", algorithm=\"HmacSHA256\", headers=\"host date (request-target) v-c-merchant-id\", signature=\"e8oOeKo7JpstVln9yvB9swnc3baSQvYLaiwHEKFXMto=\""
[2022-08-30T18:40:13.410Z] [INFO] [ApiClient198336361] : "v-c-merchant-id : 1124854"
[2022-08-30T18:40:13.411Z] [INFO] [ApiClient198336361] : "date : Tue, 30 Aug 2022 18:40:13 GMT"
[2022-08-30T18:40:13.411Z] [INFO] [ApiClient198336361] : "host : apitest.cybersource.com"
[2022-08-30T18:40:13.411Z] [INFO] [ApiClient198336361] : "signature : keyid=\"a2b782ee-08e7-40cd-b3e9-349124272b1c\", algorithm=\"HmacSHA256\", headers=\"host date (request-target) v-c-merchant-id\", signature=\"e8oOeKo7JpstVln9yvB9swnc3baSQvYLaiwHEKFXMto=\""
[2022-08-30T18:40:13.411Z] [INFO] [ApiClient198336361] : "User-Agent : Mozilla/5.0"
[2022-08-30T18:40:13.411Z] [INFO] [ApiClient198336361] : "************************  LOGGING END  ************************"
[2022-08-30T18:55:05.451Z] [INFO] [MerchantConfig585225995] : "************************ LOGGING START ************************"
[2022-08-30T18:55:05.459Z] [INFO] [ApiClient689193884] : "Authentication Type : http_signature"
[2022-08-30T18:55:05.460Z] [INFO] [ApiClient689193884] : "Request Type : POST"
[2022-08-30T18:55:05.462Z] [INFO] [ApiClient689193884] : "signatureHeader : keyid=\"e547c3d3-16e4-444c-9313-2a08784b906a\", algorithm=\"HmacSHA256\", headers=\"host date (request-target) digest v-c-merchant-id\", signature=\"czcbxXASkCAdVovV6yw0tGhqSTIdN3TV7YozHPKpcig=\""
[2022-08-30T18:55:05.462Z] [INFO] [ApiClient689193884] : "digest : SHA-256=holwfjIgwG18gg/Zf+tszsNuoCOx2oUbTQcfAcImndE="
[2022-08-30T18:55:05.462Z] [INFO] [ApiClient689193884] : "v-c-merchant-id : testrest_cpctv"
[2022-08-30T18:55:05.462Z] [INFO] [ApiClient689193884] : "date : Tue, 30 Aug 2022 18:55:05 GMT"
[2022-08-30T18:55:05.462Z] [INFO] [ApiClient689193884] : "host : apitest.cybersource.com"
[2022-08-30T18:55:05.462Z] [INFO] [ApiClient689193884] : "signature : keyid=\"e547c3d3-16e4-444c-9313-2a08784b906a\", algorithm=\"HmacSHA256\", headers=\"host date (request-target) digest v-c-merchant-id\", signature=\"czcbxXASkCAdVovV6yw0tGhqSTIdN3TV7YozHPKpcig=\""
[2022-08-30T18:55:05.463Z] [INFO] [ApiClient689193884] : "User-Agent : Mozilla/5.0"
[2022-08-30T18:55:05.463Z] [INFO] [ApiClient689193884] : "************************  LOGGING END  ************************"
[2022-08-30T19:08:09.507Z] [INFO] [MerchantConfig865027083] : "************************ LOGGING START ************************"
[2022-08-30T19:16:13.648Z] [INFO] [MerchantConfig762366266] : "************************ LOGGING START ************************"
[2022-08-30T19:19:00.278Z] [INFO] [MerchantConfig850782287] : "************************ LOGGING START ************************"
[2022-08-30T19:22:44.746Z] [INFO] [MerchantConfig388126471] : "************************ LOGGING START ************************"
[2022-08-30T19:26:34.737Z] [INFO] [MerchantConfig563466349] : "************************ LOGGING START ************************"
[2022-08-30T19:35:50.074Z] [INFO] [MerchantConfig528493547] : "************************ LOGGING START ************************"
[2022-08-30T19:36:09.325Z] [INFO] [MerchantConfig341622429] : "************************ LOGGING START ************************"
[2022-08-30T19:40:53.358Z] [INFO] [MerchantConfig61878977] : "************************ LOGGING START ************************"
[2022-08-30T19:42:48.834Z] [INFO] [MerchantConfig550153750] : "************************ LOGGING START ************************"
[2022-08-30T19:42:48.850Z] [INFO] [MerchantConfig536554845] : "************************ LOGGING START ************************"
[2022-08-30T19:42:48.906Z] [INFO] [ApiClient865586973] : "Authentication Type : http_signature"
[2022-08-30T19:42:48.906Z] [INFO] [ApiClient865586973] : "Request Type : POST"
[2022-08-30T19:42:48.911Z] [INFO] [ApiClient865586973] : "signatureHeader : keyid=\"e547c3d3-16e4-444c-9313-2a08784b906a\", algorithm=\"HmacSHA256\", headers=\"host date (request-target) digest v-c-merchant-id\", signature=\"JM7vHeeCZuYT2lv8osY/k5LyrCmzegDCRXcv7GyjDeM=\""
[2022-08-30T19:42:48.912Z] [INFO] [ApiClient865586973] : "digest : SHA-256=6FhQyo7ypxEtAkFfr9mnNn5ByZPpcGdxO+WJBvXuiTY="
[2022-08-30T19:42:48.912Z] [INFO] [ApiClient865586973] : "v-c-merchant-id : testrest_cpctv"
[2022-08-30T19:42:48.912Z] [INFO] [ApiClient865586973] : "date : Tue, 30 Aug 2022 19:42:48 GMT"
[2022-08-30T19:42:48.912Z] [INFO] [ApiClient865586973] : "host : apitest.cybersource.com"
[2022-08-30T19:42:48.913Z] [INFO] [ApiClient865586973] : "signature : keyid=\"e547c3d3-16e4-444c-9313-2a08784b906a\", algorithm=\"HmacSHA256\", headers=\"host date (request-target) digest v-c-merchant-id\", signature=\"JM7vHeeCZuYT2lv8osY/k5LyrCmzegDCRXcv7GyjDeM=\""
[2022-08-30T19:42:48.913Z] [INFO] [ApiClient865586973] : "User-Agent : Mozilla/5.0"
[2022-08-30T19:42:48.913Z] [INFO] [ApiClient865586973] : "************************  LOGGING END  ************************"
[2022-08-30T19:42:50.278Z] [INFO] [ApiClient897490135] : "Authentication Type : http_signature"
[2022-08-30T19:42:50.278Z] [INFO] [ApiClient897490135] : "Request Type : POST"
[2022-08-30T19:42:50.279Z] [INFO] [ApiClient897490135] : "signatureHeader : keyid=\"e547c3d3-16e4-444c-9313-2a08784b906a\", algorithm=\"HmacSHA256\", headers=\"host date (request-target) digest v-c-merchant-id\", signature=\"wvjYgyAjjlw7eZoiM+H8ufcYP84FidpM6a0XXK0NnLA=\""
[2022-08-30T19:42:50.279Z] [INFO] [ApiClient897490135] : "digest : SHA-256=pbE6n0qLigATkYpVxN2fD6Bo+dXJpbs5zpBgzgnfLC0="
[2022-08-30T19:42:50.279Z] [INFO] [ApiClient897490135] : "v-c-merchant-id : testrest_cpctv"
[2022-08-30T19:42:50.279Z] [INFO] [ApiClient897490135] : "date : Tue, 30 Aug 2022 19:42:50 GMT"
[2022-08-30T19:42:50.279Z] [INFO] [ApiClient897490135] : "host : apitest.cybersource.com"
[2022-08-30T19:42:50.280Z] [INFO] [ApiClient897490135] : "signature : keyid=\"e547c3d3-16e4-444c-9313-2a08784b906a\", algorithm=\"HmacSHA256\", headers=\"host date (request-target) digest v-c-merchant-id\", signature=\"wvjYgyAjjlw7eZoiM+H8ufcYP84FidpM6a0XXK0NnLA=\""
[2022-08-30T19:42:50.280Z] [INFO] [ApiClient897490135] : "User-Agent : Mozilla/5.0"
[2022-08-30T19:42:50.280Z] [INFO] [ApiClient897490135] : "************************  LOGGING END  ************************"
[2022-08-30T19:42:52.049Z] [INFO] [MerchantConfig959141692] : "************************ LOGGING START ************************"
[2022-08-30T19:42:52.061Z] [INFO] [MerchantConfig995014772] : "************************ LOGGING START ************************"
[2022-08-30T19:42:52.065Z] [INFO] [ApiClient424905270] : "Authentication Type : http_signature"
[2022-08-30T19:42:52.065Z] [INFO] [ApiClient424905270] : "Request Type : POST"
[2022-08-30T19:42:52.066Z] [INFO] [ApiClient424905270] : "signatureHeader : keyid=\"e547c3d3-16e4-444c-9313-2a08784b906a\", algorithm=\"HmacSHA256\", headers=\"host date (request-target) digest v-c-merchant-id\", signature=\"MS7Y4LGhm88+dwqAyce2tQTVZXWBkC9JofgAG+ADJqY=\""
[2022-08-30T19:42:52.066Z] [INFO] [ApiClient424905270] : "digest : SHA-256=6FhQyo7ypxEtAkFfr9mnNn5ByZPpcGdxO+WJBvXuiTY="
[2022-08-30T19:42:52.066Z] [INFO] [ApiClient424905270] : "v-c-merchant-id : testrest_cpctv"
[2022-08-30T19:42:52.067Z] [INFO] [ApiClient424905270] : "date : Tue, 30 Aug 2022 19:42:52 GMT"
[2022-08-30T19:42:52.067Z] [INFO] [ApiClient424905270] : "host : apitest.cybersource.com"
[2022-08-30T19:42:52.067Z] [INFO] [ApiClient424905270] : "signature : keyid=\"e547c3d3-16e4-444c-9313-2a08784b906a\", algorithm=\"HmacSHA256\", headers=\"host date (request-target) digest v-c-merchant-id\", signature=\"MS7Y4LGhm88+dwqAyce2tQTVZXWBkC9JofgAG+ADJqY=\""
[2022-08-30T19:42:52.067Z] [INFO] [ApiClient424905270] : "User-Agent : Mozilla/5.0"
[2022-08-30T19:42:52.067Z] [INFO] [ApiClient424905270] : "************************  LOGGING END  ************************"
[2022-08-30T19:42:52.962Z] [INFO] [ApiClient837382809] : "Authentication Type : http_signature"
[2022-08-30T19:42:52.964Z] [INFO] [ApiClient837382809] : "Request Type : POST"
[2022-08-30T19:42:52.965Z] [INFO] [ApiClient837382809] : "signatureHeader : keyid=\"e547c3d3-16e4-444c-9313-2a08784b906a\", algorithm=\"HmacSHA256\", headers=\"host date (request-target) digest v-c-merchant-id\", signature=\"X+S5e3la5s4Wes37MZLJSr/UiQHu43k3yJztO7/RA08=\""
[2022-08-30T19:42:52.965Z] [INFO] [ApiClient837382809] : "digest : SHA-256=pbE6n0qLigATkYpVxN2fD6Bo+dXJpbs5zpBgzgnfLC0="
[2022-08-30T19:42:52.965Z] [INFO] [ApiClient837382809] : "v-c-merchant-id : testrest_cpctv"
[2022-08-30T19:42:52.966Z] [INFO] [ApiClient837382809] : "date : Tue, 30 Aug 2022 19:42:52 GMT"
[2022-08-30T19:42:52.966Z] [INFO] [ApiClient837382809] : "host : apitest.cybersource.com"
[2022-08-30T19:42:52.966Z] [INFO] [ApiClient837382809] : "signature : keyid=\"e547c3d3-16e4-444c-9313-2a08784b906a\", algorithm=\"HmacSHA256\", headers=\"host date (request-target) digest v-c-merchant-id\", signature=\"X+S5e3la5s4Wes37MZLJSr/UiQHu43k3yJztO7/RA08=\""
[2022-08-30T19:42:52.966Z] [INFO] [ApiClient837382809] : "User-Agent : Mozilla/5.0"
[2022-08-30T19:42:52.967Z] [INFO] [ApiClient837382809] : "************************  LOGGING END  ************************"
[2022-08-30T19:44:21.469Z] [INFO] [MerchantConfig306160398] : "************************ LOGGING START ************************"
[2022-08-30T19:44:21.483Z] [INFO] [MerchantConfig980611975] : "************************ LOGGING START ************************"
[2022-08-30T19:44:21.489Z] [INFO] [ApiClient876780626] : "Authentication Type : http_signature"
[2022-08-30T19:44:21.489Z] [INFO] [ApiClient876780626] : "Request Type : POST"
[2022-08-30T19:44:21.490Z] [INFO] [ApiClient876780626] : "signatureHeader : keyid=\"e547c3d3-16e4-444c-9313-2a08784b906a\", algorithm=\"HmacSHA256\", headers=\"host date (request-target) digest v-c-merchant-id\", signature=\"QGo4hNQge0ddJSfox6XekV20PdxCvcqZ/CgYJ46qebg=\""
[2022-08-30T19:44:21.490Z] [INFO] [ApiClient876780626] : "digest : SHA-256=6FhQyo7ypxEtAkFfr9mnNn5ByZPpcGdxO+WJBvXuiTY="
[2022-08-30T19:44:21.490Z] [INFO] [ApiClient876780626] : "v-c-merchant-id : testrest_cpctv"
[2022-08-30T19:44:21.490Z] [INFO] [ApiClient876780626] : "date : Tue, 30 Aug 2022 19:44:21 GMT"
[2022-08-30T19:44:21.490Z] [INFO] [ApiClient876780626] : "host : apitest.cybersource.com"
[2022-08-30T19:44:21.491Z] [INFO] [ApiClient876780626] : "signature : keyid=\"e547c3d3-16e4-444c-9313-2a08784b906a\", algorithm=\"HmacSHA256\", headers=\"host date (request-target) digest v-c-merchant-id\", signature=\"QGo4hNQge0ddJSfox6XekV20PdxCvcqZ/CgYJ46qebg=\""
[2022-08-30T19:44:21.493Z] [INFO] [ApiClient876780626] : "User-Agent : Mozilla/5.0"
[2022-08-30T19:44:21.493Z] [INFO] [ApiClient876780626] : "************************  LOGGING END  ************************"
[2022-08-30T19:44:22.446Z] [INFO] [ApiClient773304354] : "Authentication Type : http_signature"
[2022-08-30T19:44:22.447Z] [INFO] [ApiClient773304354] : "Request Type : POST"
[2022-08-30T19:44:22.449Z] [INFO] [ApiClient773304354] : "signatureHeader : keyid=\"e547c3d3-16e4-444c-9313-2a08784b906a\", algorithm=\"HmacSHA256\", headers=\"host date (request-target) digest v-c-merchant-id\", signature=\"j7+Noj4ogEi+eeAidjfjQ1mHG+TJQfncv6grN8Nwrvs=\""
[2022-08-30T19:44:22.450Z] [INFO] [ApiClient773304354] : "digest : SHA-256=sYEIM1AOaGJYHMKIS1IxSS1UkTRXYwOCGZFDDlXGl1g="
[2022-08-30T19:44:22.450Z] [INFO] [ApiClient773304354] : "v-c-merchant-id : testrest_cpctv"
[2022-08-30T19:44:22.451Z] [INFO] [ApiClient773304354] : "date : Tue, 30 Aug 2022 19:44:22 GMT"
[2022-08-30T19:44:22.451Z] [INFO] [ApiClient773304354] : "host : apitest.cybersource.com"
[2022-08-30T19:44:22.451Z] [INFO] [ApiClient773304354] : "signature : keyid=\"e547c3d3-16e4-444c-9313-2a08784b906a\", algorithm=\"HmacSHA256\", headers=\"host date (request-target) digest v-c-merchant-id\", signature=\"j7+Noj4ogEi+eeAidjfjQ1mHG+TJQfncv6grN8Nwrvs=\""
[2022-08-30T19:44:22.452Z] [INFO] [ApiClient773304354] : "User-Agent : Mozilla/5.0"
[2022-08-30T19:44:22.452Z] [INFO] [ApiClient773304354] : "************************  LOGGING END  ************************"
[2022-08-30T19:53:12.438Z] [INFO] [MerchantConfig163082364] : "************************ LOGGING START ************************"
[2022-08-30T19:53:12.469Z] [INFO] [MerchantConfig108416718] : "************************ LOGGING START ************************"
[2022-08-30T19:53:12.483Z] [INFO] [ApiClient481940058] : "Authentication Type : http_signature"
[2022-08-30T19:53:12.484Z] [INFO] [ApiClient481940058] : "Request Type : POST"
[2022-08-30T19:53:12.490Z] [INFO] [ApiClient481940058] : "signatureHeader : keyid=\"e547c3d3-16e4-444c-9313-2a08784b906a\", algorithm=\"HmacSHA256\", headers=\"host date (request-target) digest v-c-merchant-id\", signature=\"BBKO0tvPEeRSUWRYPXExBHvPNyiYBmU5npXLBPOX6oI=\""
[2022-08-30T19:53:12.491Z] [INFO] [ApiClient481940058] : "digest : SHA-256=6FhQyo7ypxEtAkFfr9mnNn5ByZPpcGdxO+WJBvXuiTY="
[2022-08-30T19:53:12.492Z] [INFO] [ApiClient481940058] : "v-c-merchant-id : testrest_cpctv"
[2022-08-30T19:53:12.492Z] [INFO] [ApiClient481940058] : "date : Tue, 30 Aug 2022 19:53:12 GMT"
[2022-08-30T19:53:12.493Z] [INFO] [ApiClient481940058] : "host : apitest.cybersource.com"
[2022-08-30T19:53:12.493Z] [INFO] [ApiClient481940058] : "signature : keyid=\"e547c3d3-16e4-444c-9313-2a08784b906a\", algorithm=\"HmacSHA256\", headers=\"host date (request-target) digest v-c-merchant-id\", signature=\"BBKO0tvPEeRSUWRYPXExBHvPNyiYBmU5npXLBPOX6oI=\""
[2022-08-30T19:53:12.494Z] [INFO] [ApiClient481940058] : "User-Agent : Mozilla/5.0"
[2022-08-30T19:53:12.494Z] [INFO] [ApiClient481940058] : "************************  LOGGING END  ************************"
[2022-08-30T19:53:13.445Z] [INFO] [ApiClient671820914] : "Authentication Type : http_signature"
[2022-08-30T19:53:13.446Z] [INFO] [ApiClient671820914] : "Request Type : POST"
[2022-08-30T19:53:13.447Z] [INFO] [ApiClient671820914] : "signatureHeader : keyid=\"e547c3d3-16e4-444c-9313-2a08784b906a\", algorithm=\"HmacSHA256\", headers=\"host date (request-target) digest v-c-merchant-id\", signature=\"ex6TIdJ5sb6FAjjJpQZKBbXR0CBMf/YJ+pUVUVNAkNY=\""
[2022-08-30T19:53:13.448Z] [INFO] [ApiClient671820914] : "digest : SHA-256=pbE6n0qLigATkYpVxN2fD6Bo+dXJpbs5zpBgzgnfLC0="
[2022-08-30T19:53:13.448Z] [INFO] [ApiClient671820914] : "v-c-merchant-id : testrest_cpctv"
[2022-08-30T19:53:13.448Z] [INFO] [ApiClient671820914] : "date : Tue, 30 Aug 2022 19:53:13 GMT"
[2022-08-30T19:53:13.448Z] [INFO] [ApiClient671820914] : "host : apitest.cybersource.com"
[2022-08-30T19:53:13.449Z] [INFO] [ApiClient671820914] : "signature : keyid=\"e547c3d3-16e4-444c-9313-2a08784b906a\", algorithm=\"HmacSHA256\", headers=\"host date (request-target) digest v-c-merchant-id\", signature=\"ex6TIdJ5sb6FAjjJpQZKBbXR0CBMf/YJ+pUVUVNAkNY=\""
[2022-08-30T19:53:13.449Z] [INFO] [ApiClient671820914] : "User-Agent : Mozilla/5.0"
[2022-08-30T19:53:13.449Z] [INFO] [ApiClient671820914] : "************************  LOGGING END  ************************"
[2022-08-30T19:55:03.340Z] [INFO] [MerchantConfig172398250] : "************************ LOGGING START ************************"
[2022-08-30T19:55:03.397Z] [INFO] [MerchantConfig289924682] : "************************ LOGGING START ************************"
[2022-08-30T19:55:03.409Z] [INFO] [ApiClient604036415] : "Authentication Type : http_signature"
[2022-08-30T19:55:03.410Z] [INFO] [ApiClient604036415] : "Request Type : POST"
[2022-08-30T19:55:03.416Z] [INFO] [ApiClient604036415] : "signatureHeader : keyid=\"e547c3d3-16e4-444c-9313-2a08784b906a\", algorithm=\"HmacSHA256\", headers=\"host date (request-target) digest v-c-merchant-id\", signature=\"aFjAfjEiK4+owGz2flPZCyAks6AZqbUp9Y//j7I4Zy8=\""
[2022-08-30T19:55:03.417Z] [INFO] [ApiClient604036415] : "digest : SHA-256=6FhQyo7ypxEtAkFfr9mnNn5ByZPpcGdxO+WJBvXuiTY="
[2022-08-30T19:55:03.417Z] [INFO] [ApiClient604036415] : "v-c-merchant-id : testrest_cpctv"
[2022-08-30T19:55:03.417Z] [INFO] [ApiClient604036415] : "date : Tue, 30 Aug 2022 19:55:03 GMT"
[2022-08-30T19:55:03.418Z] [INFO] [ApiClient604036415] : "host : apitest.cybersource.com"
[2022-08-30T19:55:03.418Z] [INFO] [ApiClient604036415] : "signature : keyid=\"e547c3d3-16e4-444c-9313-2a08784b906a\", algorithm=\"HmacSHA256\", headers=\"host date (request-target) digest v-c-merchant-id\", signature=\"aFjAfjEiK4+owGz2flPZCyAks6AZqbUp9Y//j7I4Zy8=\""
[2022-08-30T19:55:03.419Z] [INFO] [ApiClient604036415] : "User-Agent : Mozilla/5.0"
[2022-08-30T19:55:03.419Z] [INFO] [ApiClient604036415] : "************************  LOGGING END  ************************"
[2022-08-30T19:55:04.290Z] [INFO] [ApiClient562312424] : "Authentication Type : http_signature"
[2022-08-30T19:55:04.291Z] [INFO] [ApiClient562312424] : "Request Type : POST"
[2022-08-30T19:55:04.291Z] [INFO] [ApiClient562312424] : "signatureHeader : keyid=\"e547c3d3-16e4-444c-9313-2a08784b906a\", algorithm=\"HmacSHA256\", headers=\"host date (request-target) digest v-c-merchant-id\", signature=\"8ur+oMQt5+qmrkuD+U2e78EqtjXmjzv4QgY7Gh2jC0U=\""
[2022-08-30T19:55:04.292Z] [INFO] [ApiClient562312424] : "digest : SHA-256=sYEIM1AOaGJYHMKIS1IxSS1UkTRXYwOCGZFDDlXGl1g="
[2022-08-30T19:55:04.292Z] [INFO] [ApiClient562312424] : "v-c-merchant-id : testrest_cpctv"
[2022-08-30T19:55:04.293Z] [INFO] [ApiClient562312424] : "date : Tue, 30 Aug 2022 19:55:04 GMT"
[2022-08-30T19:55:04.293Z] [INFO] [ApiClient562312424] : "host : apitest.cybersource.com"
[2022-08-30T19:55:04.293Z] [INFO] [ApiClient562312424] : "signature : keyid=\"e547c3d3-16e4-444c-9313-2a08784b906a\", algorithm=\"HmacSHA256\", headers=\"host date (request-target) digest v-c-merchant-id\", signature=\"8ur+oMQt5+qmrkuD+U2e78EqtjXmjzv4QgY7Gh2jC0U=\""
[2022-08-30T19:55:04.294Z] [INFO] [ApiClient562312424] : "User-Agent : Mozilla/5.0"
[2022-08-30T19:55:04.294Z] [INFO] [ApiClient562312424] : "************************  LOGGING END  ************************"
