[2022-08-26T13:22:10.723Z] [INFO] [MerchantConfig761242512] : "************************ LOGGING START ************************"
[2022-08-26T13:22:10.737Z] [INFO] [ApiClient993369036] : "Authentication Type : http_signature"
[2022-08-26T13:22:10.737Z] [INFO] [ApiClient993369036] : "Request Type : POST"
[2022-08-26T13:22:10.740Z] [INFO] [ApiClient993369036] : "signatureHeader : keyid=\"a2b782ee-08e7-40cd-b3e9-349124272b1c\", algorithm=\"HmacSHA256\", headers=\"host date (request-target) digest v-c-merchant-id\", signature=\"U/LvqzB4JOec/6lGC7m96+YCX1tNVixmfnUduUQuuVw=\""
[2022-08-26T13:22:10.741Z] [INFO] [ApiClient993369036] : "digest : SHA-256=ph2mCv0lAzmU0VNjgqUqpQyYXQ9WuhiB54F3p2lZeOY="
[2022-08-26T13:22:10.741Z] [INFO] [ApiClient993369036] : "v-c-merchant-id : 1124854"
[2022-08-26T13:22:10.741Z] [INFO] [ApiClient993369036] : "date : Fri, 26 Aug 2022 13:22:10 GMT"
[2022-08-26T13:22:10.742Z] [INFO] [ApiClient993369036] : "host : apitest.cybersource.com"
[2022-08-26T13:22:10.742Z] [INFO] [ApiClient993369036] : "signature : keyid=\"a2b782ee-08e7-40cd-b3e9-349124272b1c\", algorithm=\"HmacSHA256\", headers=\"host date (request-target) digest v-c-merchant-id\", signature=\"U/LvqzB4JOec/6lGC7m96+YCX1tNVixmfnUduUQuuVw=\""
[2022-08-26T13:22:10.743Z] [INFO] [ApiClient993369036] : "User-Agent : Mozilla/5.0"
[2022-08-26T13:22:10.745Z] [INFO] [ApiClient993369036] : "************************  LOGGING END  ************************"
[2022-08-26T13:52:44.256Z] [INFO] [MerchantConfig23837598] : "************************ LOGGING START ************************"
[2022-08-26T13:52:44.261Z] [INFO] [ApiClient706770655] : "Authentication Type : http_signature"
[2022-08-26T13:52:44.261Z] [INFO] [ApiClient706770655] : "Request Type : POST"
[2022-08-26T13:52:44.264Z] [INFO] [ApiClient706770655] : "signatureHeader : keyid=\"a2b782ee-08e7-40cd-b3e9-349124272b1c\", algorithm=\"HmacSHA256\", headers=\"host date (request-target) digest v-c-merchant-id\", signature=\"Q8gdf4jwb8gqXx3EDVcEVz6TJDU1H1PTIRFPN51285U=\""
[2022-08-26T13:52:44.264Z] [INFO] [ApiClient706770655] : "digest : SHA-256=ph2mCv0lAzmU0VNjgqUqpQyYXQ9WuhiB54F3p2lZeOY="
[2022-08-26T13:52:44.264Z] [INFO] [ApiClient706770655] : "v-c-merchant-id : 1124854"
[2022-08-26T13:52:44.265Z] [INFO] [ApiClient706770655] : "date : Fri, 26 Aug 2022 13:52:44 GMT"
[2022-08-26T13:52:44.265Z] [INFO] [ApiClient706770655] : "host : apitest.cybersource.com"
[2022-08-26T13:52:44.265Z] [INFO] [ApiClient706770655] : "signature : keyid=\"a2b782ee-08e7-40cd-b3e9-349124272b1c\", algorithm=\"HmacSHA256\", headers=\"host date (request-target) digest v-c-merchant-id\", signature=\"Q8gdf4jwb8gqXx3EDVcEVz6TJDU1H1PTIRFPN51285U=\""
[2022-08-26T13:52:44.265Z] [INFO] [ApiClient706770655] : "User-Agent : Mozilla/5.0"
[2022-08-26T13:52:44.265Z] [INFO] [ApiClient706770655] : "************************  LOGGING END  ************************"
[2022-08-26T14:03:07.328Z] [INFO] [MerchantConfig91221992] : "************************ LOGGING START ************************"
[2022-08-26T14:03:07.342Z] [INFO] [ApiClient101862625] : "Authentication Type : http_signature"
[2022-08-26T14:03:07.343Z] [INFO] [ApiClient101862625] : "Request Type : POST"
[2022-08-26T14:03:07.346Z] [INFO] [ApiClient101862625] : "signatureHeader : keyid=\"a2b782ee-08e7-40cd-b3e9-349124272b1c\", algorithm=\"HmacSHA256\", headers=\"host date (request-target) digest v-c-merchant-id\", signature=\"CIiQhzGUbir5R8LVugHRV3Ys+L/XguODiHDw3+67ee8=\""
[2022-08-26T14:03:07.346Z] [INFO] [ApiClient101862625] : "digest : SHA-256=HMUDMRl5jz7wwveJgfN84PzxV2WTijEcSF7rsp/k38g="
[2022-08-26T14:03:07.346Z] [INFO] [ApiClient101862625] : "v-c-merchant-id : 1124854"
[2022-08-26T14:03:07.346Z] [INFO] [ApiClient101862625] : "date : Fri, 26 Aug 2022 14:03:07 GMT"
[2022-08-26T14:03:07.347Z] [INFO] [ApiClient101862625] : "host : apitest.cybersource.com"
[2022-08-26T14:03:07.347Z] [INFO] [ApiClient101862625] : "signature : keyid=\"a2b782ee-08e7-40cd-b3e9-349124272b1c\", algorithm=\"HmacSHA256\", headers=\"host date (request-target) digest v-c-merchant-id\", signature=\"CIiQhzGUbir5R8LVugHRV3Ys+L/XguODiHDw3+67ee8=\""
[2022-08-26T14:03:07.347Z] [INFO] [ApiClient101862625] : "User-Agent : Mozilla/5.0"
[2022-08-26T14:03:07.347Z] [INFO] [ApiClient101862625] : "************************  LOGGING END  ************************"
[2022-08-26T14:50:32.751Z] [INFO] [MerchantConfig296260043] : "************************ LOGGING START ************************"
[2022-08-26T14:50:32.756Z] [INFO] [ApiClient606491236] : "Authentication Type : http_signature"
[2022-08-26T14:50:32.757Z] [INFO] [ApiClient606491236] : "Request Type : POST"
[2022-08-26T14:50:32.761Z] [INFO] [ApiClient606491236] : "signatureHeader : keyid=\"a2b782ee-08e7-40cd-b3e9-349124272b1c\", algorithm=\"HmacSHA256\", headers=\"host date (request-target) digest v-c-merchant-id\", signature=\"LzuNCecojzIfKETJbEPqVcTMdDCz3clsIP6x+L6Azf8=\""
[2022-08-26T14:50:32.761Z] [INFO] [ApiClient606491236] : "digest : SHA-256=QqzOP9GtN/wmWu+5Avdzb9S3NO7Kz88DSpV21y37uQ8="
[2022-08-26T14:50:32.762Z] [INFO] [ApiClient606491236] : "v-c-merchant-id : 1124854"
[2022-08-26T14:50:32.762Z] [INFO] [ApiClient606491236] : "date : Fri, 26 Aug 2022 14:50:32 GMT"
[2022-08-26T14:50:32.762Z] [INFO] [ApiClient606491236] : "host : apitest.cybersource.com"
[2022-08-26T14:50:32.763Z] [INFO] [ApiClient606491236] : "signature : keyid=\"a2b782ee-08e7-40cd-b3e9-349124272b1c\", algorithm=\"HmacSHA256\", headers=\"host date (request-target) digest v-c-merchant-id\", signature=\"LzuNCecojzIfKETJbEPqVcTMdDCz3clsIP6x+L6Azf8=\""
[2022-08-26T14:50:32.763Z] [INFO] [ApiClient606491236] : "User-Agent : Mozilla/5.0"
[2022-08-26T14:50:32.763Z] [INFO] [ApiClient606491236] : "************************  LOGGING END  ************************"
[2022-08-26T14:52:32.873Z] [INFO] [MerchantConfig947194133] : "************************ LOGGING START ************************"
[2022-08-26T14:52:32.879Z] [INFO] [ApiClient552795002] : "Authentication Type : http_signature"
[2022-08-26T14:52:32.879Z] [INFO] [ApiClient552795002] : "Request Type : POST"
[2022-08-26T14:52:32.883Z] [INFO] [ApiClient552795002] : "signatureHeader : keyid=\"a2b782ee-08e7-40cd-b3e9-349124272b1c\", algorithm=\"HmacSHA256\", headers=\"host date (request-target) digest v-c-merchant-id\", signature=\"d6CcFgnvJ1QR5DJpD3klMijP7yfhmnbV9EBeJxP0/8M=\""
[2022-08-26T14:52:32.883Z] [INFO] [ApiClient552795002] : "digest : SHA-256=QqzOP9GtN/wmWu+5Avdzb9S3NO7Kz88DSpV21y37uQ8="
[2022-08-26T14:52:32.884Z] [INFO] [ApiClient552795002] : "v-c-merchant-id : 1124854"
[2022-08-26T14:52:32.884Z] [INFO] [ApiClient552795002] : "date : Fri, 26 Aug 2022 14:52:32 GMT"
[2022-08-26T14:52:32.884Z] [INFO] [ApiClient552795002] : "host : apitest.cybersource.com"
[2022-08-26T14:52:32.885Z] [INFO] [ApiClient552795002] : "signature : keyid=\"a2b782ee-08e7-40cd-b3e9-349124272b1c\", algorithm=\"HmacSHA256\", headers=\"host date (request-target) digest v-c-merchant-id\", signature=\"d6CcFgnvJ1QR5DJpD3klMijP7yfhmnbV9EBeJxP0/8M=\""
[2022-08-26T14:52:32.885Z] [INFO] [ApiClient552795002] : "User-Agent : Mozilla/5.0"
[2022-08-26T14:52:32.885Z] [INFO] [ApiClient552795002] : "************************  LOGGING END  ************************"
[2022-08-27T01:18:53.052Z] [INFO] [MerchantConfig964967671] : "************************ LOGGING START ************************"
[2022-08-27T01:18:53.061Z] [INFO] [ApiClient17132795] : "Authentication Type : http_signature"
[2022-08-27T01:18:53.061Z] [INFO] [ApiClient17132795] : "Request Type : POST"
[2022-08-27T01:18:53.063Z] [INFO] [ApiClient17132795] : "signatureHeader : keyid=\"a2b782ee-08e7-40cd-b3e9-349124272b1c\", algorithm=\"HmacSHA256\", headers=\"host date (request-target) digest v-c-merchant-id\", signature=\"/FLxO16W9X4bLm/k4a7+KQtU3NCjerlahYCCxZ7APi0=\""
[2022-08-27T01:18:53.063Z] [INFO] [ApiClient17132795] : "digest : SHA-256=HMUDMRl5jz7wwveJgfN84PzxV2WTijEcSF7rsp/k38g="
[2022-08-27T01:18:53.063Z] [INFO] [ApiClient17132795] : "v-c-merchant-id : 1124854"
[2022-08-27T01:18:53.063Z] [INFO] [ApiClient17132795] : "date : Sat, 27 Aug 2022 01:18:53 GMT"
[2022-08-27T01:18:53.063Z] [INFO] [ApiClient17132795] : "host : apitest.cybersource.com"
[2022-08-27T01:18:53.063Z] [INFO] [ApiClient17132795] : "signature : keyid=\"a2b782ee-08e7-40cd-b3e9-349124272b1c\", algorithm=\"HmacSHA256\", headers=\"host date (request-target) digest v-c-merchant-id\", signature=\"/FLxO16W9X4bLm/k4a7+KQtU3NCjerlahYCCxZ7APi0=\""
[2022-08-27T01:18:53.063Z] [INFO] [ApiClient17132795] : "User-Agent : Mozilla/5.0"
[2022-08-27T01:18:53.064Z] [INFO] [ApiClient17132795] : "************************  LOGGING END  ************************"
[2022-08-27T01:23:33.382Z] [INFO] [ApiClient166884732] : "Authentication Type : http_signature"
[2022-08-27T01:23:33.382Z] [INFO] [ApiClient166884732] : "Request Type : POST"
[2022-08-27T01:23:33.383Z] [INFO] [ApiClient166884732] : "signatureHeader : keyid=\"a2b782ee-08e7-40cd-b3e9-349124272b1c\", algorithm=\"HmacSHA256\", headers=\"host date (request-target) digest v-c-merchant-id\", signature=\"ohKD+5zkRFqUxuYX4TLi6j/edI9P6jnuTQq8Maa97mI=\""
[2022-08-27T01:23:33.384Z] [INFO] [ApiClient166884732] : "digest : SHA-256=HMUDMRl5jz7wwveJgfN84PzxV2WTijEcSF7rsp/k38g="
[2022-08-27T01:23:33.384Z] [INFO] [ApiClient166884732] : "v-c-merchant-id : 1124854"
[2022-08-27T01:23:33.384Z] [INFO] [ApiClient166884732] : "date : Sat, 27 Aug 2022 01:23:33 GMT"
[2022-08-27T01:23:33.384Z] [INFO] [ApiClient166884732] : "host : apitest.cybersource.com"
[2022-08-27T01:23:33.385Z] [INFO] [ApiClient166884732] : "signature : keyid=\"a2b782ee-08e7-40cd-b3e9-349124272b1c\", algorithm=\"HmacSHA256\", headers=\"host date (request-target) digest v-c-merchant-id\", signature=\"ohKD+5zkRFqUxuYX4TLi6j/edI9P6jnuTQq8Maa97mI=\""
[2022-08-27T01:23:33.385Z] [INFO] [ApiClient166884732] : "User-Agent : Mozilla/5.0"
[2022-08-27T01:23:33.385Z] [INFO] [ApiClient166884732] : "************************  LOGGING END  ************************"
[2022-08-27T01:23:33.375Z] [INFO] [MerchantConfig786713649] : "************************ LOGGING START ************************"
