[2022-08-24T12:05:33.260Z] [INFO] [MerchantConfig593503373] : "************************ LOGGING START ************************"
[2022-08-24T12:05:33.273Z] [INFO] [ApiClient212421942] : "Authentication Type : http_signature"
[2022-08-24T12:05:33.273Z] [INFO] [ApiClient212421942] : "Request Type : POST"
[2022-08-24T12:05:33.281Z] [INFO] [ApiClient212421942] : "signatureHeader : keyid=\"a2b782ee-08e7-40cd-b3e9-349124272b1c\", algorithm=\"HmacSHA256\", headers=\"host date (request-target) digest v-c-merchant-id\", signature=\"Q+6E3OPeLhtdfV47vAo+8dxivACD+4KbqHwy6AEP1K8=\""
[2022-08-24T12:05:33.282Z] [INFO] [ApiClient212421942] : "digest : SHA-256=HMUDMRl5jz7wwveJgfN84PzxV2WTijEcSF7rsp/k38g="
[2022-08-24T12:05:33.282Z] [INFO] [ApiClient212421942] : "v-c-merchant-id : 1124854"
[2022-08-24T12:05:33.283Z] [INFO] [ApiClient212421942] : "date : Wed, 24 Aug 2022 12:05:33 GMT"
[2022-08-24T12:05:33.283Z] [INFO] [ApiClient212421942] : "host : apitest.cybersource.com"
[2022-08-24T12:05:33.283Z] [INFO] [ApiClient212421942] : "signature : keyid=\"a2b782ee-08e7-40cd-b3e9-349124272b1c\", algorithm=\"HmacSHA256\", headers=\"host date (request-target) digest v-c-merchant-id\", signature=\"Q+6E3OPeLhtdfV47vAo+8dxivACD+4KbqHwy6AEP1K8=\""
[2022-08-24T12:05:33.285Z] [INFO] [ApiClient212421942] : "User-Agent : Mozilla/5.0"
[2022-08-24T12:05:33.285Z] [INFO] [ApiClient212421942] : "************************  LOGGING END  ************************"
[2022-08-24T12:06:54.976Z] [INFO] [MerchantConfig749531752] : "************************ LOGGING START ************************"
[2022-08-24T12:06:55.003Z] [INFO] [MerchantConfig735472945] : "************************ LOGGING START ************************"
[2022-08-24T12:06:55.032Z] [INFO] [ApiClient984779749] : "Authentication Type : http_signature"
[2022-08-24T12:06:55.032Z] [INFO] [ApiClient984779749] : "Request Type : POST"
[2022-08-24T12:06:55.038Z] [INFO] [ApiClient984779749] : "signatureHeader : keyid=\"a2b782ee-08e7-40cd-b3e9-349124272b1c\", algorithm=\"HmacSHA256\", headers=\"host date (request-target) digest v-c-merchant-id\", signature=\"9H+GKpib/aGo2EbWkFkFr2HCGhyGHI82eXJrZMdrXHs=\""
[2022-08-24T12:06:55.038Z] [INFO] [ApiClient984779749] : "digest : SHA-256=PpR3VN9dDtWE6gqzSUynF5wnaSt6txCO6C3B5NK5jyc="
[2022-08-24T12:06:55.038Z] [INFO] [ApiClient984779749] : "v-c-merchant-id : 1124854"
[2022-08-24T12:06:55.038Z] [INFO] [ApiClient984779749] : "date : Wed, 24 Aug 2022 12:06:55 GMT"
[2022-08-24T12:06:55.038Z] [INFO] [ApiClient984779749] : "host : apitest.cybersource.com"
[2022-08-24T12:06:55.039Z] [INFO] [ApiClient984779749] : "signature : keyid=\"a2b782ee-08e7-40cd-b3e9-349124272b1c\", algorithm=\"HmacSHA256\", headers=\"host date (request-target) digest v-c-merchant-id\", signature=\"9H+GKpib/aGo2EbWkFkFr2HCGhyGHI82eXJrZMdrXHs=\""
[2022-08-24T12:06:55.039Z] [INFO] [ApiClient984779749] : "User-Agent : Mozilla/5.0"
[2022-08-24T12:06:55.039Z] [INFO] [ApiClient984779749] : "************************  LOGGING END  ************************"
[2022-08-24T12:06:55.644Z] [INFO] [ApiClient9919294] : "Authentication Type : http_signature"
[2022-08-24T12:06:55.645Z] [INFO] [ApiClient9919294] : "Request Type : GET"
[2022-08-24T12:06:55.646Z] [INFO] [ApiClient9919294] : "signatureHeader : keyid=\"a2b782ee-08e7-40cd-b3e9-349124272b1c\", algorithm=\"HmacSHA256\", headers=\"host date (request-target) v-c-merchant-id\", signature=\"djX4vCq5XzQixO0xD6lXTqexH3IsOXOkYI3YLrLrTIw=\""
[2022-08-24T12:06:55.648Z] [INFO] [ApiClient9919294] : "v-c-merchant-id : 1124854"
[2022-08-24T12:06:55.648Z] [INFO] [ApiClient9919294] : "date : Wed, 24 Aug 2022 12:06:55 GMT"
[2022-08-24T12:06:55.648Z] [INFO] [ApiClient9919294] : "host : apitest.cybersource.com"
[2022-08-24T12:06:55.648Z] [INFO] [ApiClient9919294] : "signature : keyid=\"a2b782ee-08e7-40cd-b3e9-349124272b1c\", algorithm=\"HmacSHA256\", headers=\"host date (request-target) v-c-merchant-id\", signature=\"djX4vCq5XzQixO0xD6lXTqexH3IsOXOkYI3YLrLrTIw=\""
[2022-08-24T12:06:55.649Z] [INFO] [ApiClient9919294] : "User-Agent : Mozilla/5.0"
[2022-08-24T12:06:55.649Z] [INFO] [ApiClient9919294] : "************************  LOGGING END  ************************"
[2022-08-24T12:12:35.448Z] [INFO] [MerchantConfig834334876] : "************************ LOGGING START ************************"
[2022-08-24T12:12:35.458Z] [INFO] [ApiClient997221232] : "Authentication Type : http_signature"
[2022-08-24T12:12:35.459Z] [INFO] [ApiClient997221232] : "Request Type : POST"
[2022-08-24T12:12:35.465Z] [INFO] [ApiClient997221232] : "signatureHeader : keyid=\"a2b782ee-08e7-40cd-b3e9-349124272b1c\", algorithm=\"HmacSHA256\", headers=\"host date (request-target) digest v-c-merchant-id\", signature=\"OZNFYiAUSRIctvou4ZO9SPOjPSwiWCusobyFPk3Eag0=\""
[2022-08-24T12:12:35.466Z] [INFO] [ApiClient997221232] : "digest : SHA-256=HMUDMRl5jz7wwveJgfN84PzxV2WTijEcSF7rsp/k38g="
[2022-08-24T12:12:35.466Z] [INFO] [ApiClient997221232] : "v-c-merchant-id : 1124854"
[2022-08-24T12:12:35.466Z] [INFO] [ApiClient997221232] : "date : Wed, 24 Aug 2022 12:12:35 GMT"
[2022-08-24T12:12:35.466Z] [INFO] [ApiClient997221232] : "host : apitest.cybersource.com"
[2022-08-24T12:12:35.467Z] [INFO] [ApiClient997221232] : "signature : keyid=\"a2b782ee-08e7-40cd-b3e9-349124272b1c\", algorithm=\"HmacSHA256\", headers=\"host date (request-target) digest v-c-merchant-id\", signature=\"OZNFYiAUSRIctvou4ZO9SPOjPSwiWCusobyFPk3Eag0=\""
[2022-08-24T12:12:35.467Z] [INFO] [ApiClient997221232] : "User-Agent : Mozilla/5.0"
[2022-08-24T12:12:35.467Z] [INFO] [ApiClient997221232] : "************************  LOGGING END  ************************"
[2022-08-24T12:14:03.952Z] [INFO] [MerchantConfig225094022] : "************************ LOGGING START ************************"
[2022-08-24T12:14:03.974Z] [INFO] [MerchantConfig44567570] : "************************ LOGGING START ************************"
[2022-08-24T12:14:03.985Z] [INFO] [ApiClient853887327] : "Authentication Type : http_signature"
[2022-08-24T12:14:03.985Z] [INFO] [ApiClient853887327] : "Request Type : POST"
[2022-08-24T12:14:03.988Z] [INFO] [ApiClient853887327] : "signatureHeader : keyid=\"a2b782ee-08e7-40cd-b3e9-349124272b1c\", algorithm=\"HmacSHA256\", headers=\"host date (request-target) digest v-c-merchant-id\", signature=\"eNyAaeaoqvfUM+LiNf0JNnBzshRNzxM8hn18Hpn58dI=\""
[2022-08-24T12:14:03.988Z] [INFO] [ApiClient853887327] : "digest : SHA-256=PpR3VN9dDtWE6gqzSUynF5wnaSt6txCO6C3B5NK5jyc="
[2022-08-24T12:14:03.989Z] [INFO] [ApiClient853887327] : "v-c-merchant-id : 1124854"
[2022-08-24T12:14:03.989Z] [INFO] [ApiClient853887327] : "date : Wed, 24 Aug 2022 12:14:03 GMT"
[2022-08-24T12:14:03.989Z] [INFO] [ApiClient853887327] : "host : apitest.cybersource.com"
[2022-08-24T12:14:03.989Z] [INFO] [ApiClient853887327] : "signature : keyid=\"a2b782ee-08e7-40cd-b3e9-349124272b1c\", algorithm=\"HmacSHA256\", headers=\"host date (request-target) digest v-c-merchant-id\", signature=\"eNyAaeaoqvfUM+LiNf0JNnBzshRNzxM8hn18Hpn58dI=\""
[2022-08-24T12:14:03.989Z] [INFO] [ApiClient853887327] : "User-Agent : Mozilla/5.0"
[2022-08-24T12:14:03.989Z] [INFO] [ApiClient853887327] : "************************  LOGGING END  ************************"
[2022-08-24T12:14:04.713Z] [INFO] [ApiClient129946747] : "Authentication Type : http_signature"
[2022-08-24T12:14:04.713Z] [INFO] [ApiClient129946747] : "Request Type : GET"
[2022-08-24T12:14:04.714Z] [INFO] [ApiClient129946747] : "signatureHeader : keyid=\"a2b782ee-08e7-40cd-b3e9-349124272b1c\", algorithm=\"HmacSHA256\", headers=\"host date (request-target) v-c-merchant-id\", signature=\"IE9HbgkhtvnduUIDFe723+8kwCcMImPBv6f8pRRMLgc=\""
[2022-08-24T12:14:04.715Z] [INFO] [ApiClient129946747] : "v-c-merchant-id : 1124854"
[2022-08-24T12:14:04.716Z] [INFO] [ApiClient129946747] : "date : Wed, 24 Aug 2022 12:14:04 GMT"
[2022-08-24T12:14:04.716Z] [INFO] [ApiClient129946747] : "host : apitest.cybersource.com"
[2022-08-24T12:14:04.716Z] [INFO] [ApiClient129946747] : "signature : keyid=\"a2b782ee-08e7-40cd-b3e9-349124272b1c\", algorithm=\"HmacSHA256\", headers=\"host date (request-target) v-c-merchant-id\", signature=\"IE9HbgkhtvnduUIDFe723+8kwCcMImPBv6f8pRRMLgc=\""
[2022-08-24T12:14:04.716Z] [INFO] [ApiClient129946747] : "User-Agent : Mozilla/5.0"
[2022-08-24T12:14:04.716Z] [INFO] [ApiClient129946747] : "************************  LOGGING END  ************************"
[2022-08-24T12:15:42.155Z] [INFO] [MerchantConfig307071938] : "************************ LOGGING START ************************"
[2022-08-24T12:15:42.171Z] [INFO] [ApiClient636620860] : "Authentication Type : http_signature"
[2022-08-24T12:15:42.177Z] [INFO] [ApiClient636620860] : "Request Type : POST"
[2022-08-24T12:15:42.181Z] [INFO] [ApiClient636620860] : "signatureHeader : keyid=\"a2b782ee-08e7-40cd-b3e9-349124272b1c\", algorithm=\"HmacSHA256\", headers=\"host date (request-target) digest v-c-merchant-id\", signature=\"7c00gmwoFMtc6NBuMgVsBCQwd24iu7IgbkGy39u4Ri4=\""
[2022-08-24T12:15:42.182Z] [INFO] [ApiClient636620860] : "digest : SHA-256=ph2mCv0lAzmU0VNjgqUqpQyYXQ9WuhiB54F3p2lZeOY="
[2022-08-24T12:15:42.182Z] [INFO] [ApiClient636620860] : "v-c-merchant-id : 1124854"
[2022-08-24T12:15:42.182Z] [INFO] [ApiClient636620860] : "date : Wed, 24 Aug 2022 12:15:42 GMT"
[2022-08-24T12:15:42.182Z] [INFO] [ApiClient636620860] : "host : apitest.cybersource.com"
[2022-08-24T12:15:42.183Z] [INFO] [ApiClient636620860] : "signature : keyid=\"a2b782ee-08e7-40cd-b3e9-349124272b1c\", algorithm=\"HmacSHA256\", headers=\"host date (request-target) digest v-c-merchant-id\", signature=\"7c00gmwoFMtc6NBuMgVsBCQwd24iu7IgbkGy39u4Ri4=\""
[2022-08-24T12:15:42.184Z] [INFO] [ApiClient636620860] : "User-Agent : Mozilla/5.0"
[2022-08-24T12:15:42.184Z] [INFO] [ApiClient636620860] : "************************  LOGGING END  ************************"
