[2022-08-23T01:11:49.980Z] [INFO] [MerchantConfig417220598] : "************************ LOGGING START ************************"
[2022-08-23T01:11:49.991Z] [INFO] [ApiClient771534705] : "Authentication Type : http_signature"
[2022-08-23T01:11:49.991Z] [INFO] [ApiClient771534705] : "Request Type : GET"
[2022-08-23T01:11:50.000Z] [INFO] [ApiClient771534705] : "signatureHeader : keyid=\"08c94330-f618-42a3-b09d-e1e43be5efda\", algorithm=\"HmacSHA256\", headers=\"host date (request-target) v-c-merchant-id\", signature=\"O7MMxveiLvcputBPQ9Upn4U4OiQC9rOBlRg/uuqsES8=\""
[2022-08-23T01:11:50.000Z] [INFO] [ApiClient771534705] : "v-c-merchant-id : testrest"
[2022-08-23T01:11:50.000Z] [INFO] [ApiClient771534705] : "date : Tue, 23 Aug 2022 01:11:50 GMT"
[2022-08-23T01:11:50.001Z] [INFO] [ApiClient771534705] : "host : apitest.cybersource.com"
[2022-08-23T01:11:50.001Z] [INFO] [ApiClient771534705] : "signature : keyid=\"08c94330-f618-42a3-b09d-e1e43be5efda\", algorithm=\"HmacSHA256\", headers=\"host date (request-target) v-c-merchant-id\", signature=\"O7MMxveiLvcputBPQ9Upn4U4OiQC9rOBlRg/uuqsES8=\""
[2022-08-23T01:11:50.001Z] [INFO] [ApiClient771534705] : "User-Agent : Mozilla/5.0"
[2022-08-23T01:11:50.001Z] [INFO] [ApiClient771534705] : "************************  LOGGING END  ************************"
[2022-08-23T01:14:52.073Z] [INFO] [MerchantConfig609203533] : "************************ LOGGING START ************************"
[2022-08-23T01:14:52.081Z] [INFO] [ApiClient809031189] : "Authentication Type : http_signature"
[2022-08-23T01:14:52.082Z] [INFO] [ApiClient809031189] : "Request Type : GET"
[2022-08-23T01:14:52.084Z] [INFO] [ApiClient809031189] : "signatureHeader : keyid=\"a2b782ee-08e7-40cd-b3e9-349124272b1c\", algorithm=\"HmacSHA256\", headers=\"host date (request-target) v-c-merchant-id\", signature=\"c85H8Ry9Ax8+Yvnl2ZrWCGHbxD8eiZYUgMqLDToSGGo=\""
[2022-08-23T01:14:52.084Z] [INFO] [ApiClient809031189] : "v-c-merchant-id : 1124854"
[2022-08-23T01:14:52.085Z] [INFO] [ApiClient809031189] : "date : Tue, 23 Aug 2022 01:14:52 GMT"
[2022-08-23T01:14:52.085Z] [INFO] [ApiClient809031189] : "host : apitest.cybersource.com"
[2022-08-23T01:14:52.085Z] [INFO] [ApiClient809031189] : "signature : keyid=\"a2b782ee-08e7-40cd-b3e9-349124272b1c\", algorithm=\"HmacSHA256\", headers=\"host date (request-target) v-c-merchant-id\", signature=\"c85H8Ry9Ax8+Yvnl2ZrWCGHbxD8eiZYUgMqLDToSGGo=\""
[2022-08-23T01:14:52.085Z] [INFO] [ApiClient809031189] : "User-Agent : Mozilla/5.0"
[2022-08-23T01:14:52.087Z] [INFO] [ApiClient809031189] : "************************  LOGGING END  ************************"
[2022-08-23T01:19:50.632Z] [INFO] [MerchantConfig916243820] : "************************ LOGGING START ************************"
[2022-08-23T01:19:50.647Z] [INFO] [ApiClient890067951] : "Authentication Type : http_signature"
[2022-08-23T01:19:50.648Z] [INFO] [ApiClient890067951] : "Request Type : GET"
[2022-08-23T01:19:50.651Z] [INFO] [ApiClient890067951] : "signatureHeader : keyid=\"a2b782ee-08e7-40cd-b3e9-349124272b1c\", algorithm=\"HmacSHA256\", headers=\"host date (request-target) v-c-merchant-id\", signature=\"M+nAcJ3OYVLvP/5K9WaMDo6IS1PULLiFfMul17UgUsM=\""
[2022-08-23T01:19:50.651Z] [INFO] [ApiClient890067951] : "v-c-merchant-id : 1124854"
[2022-08-23T01:19:50.652Z] [INFO] [ApiClient890067951] : "date : Tue, 23 Aug 2022 01:19:50 GMT"
[2022-08-23T01:19:50.652Z] [INFO] [ApiClient890067951] : "host : apitest.cybersource.com"
[2022-08-23T01:19:50.653Z] [INFO] [ApiClient890067951] : "signature : keyid=\"a2b782ee-08e7-40cd-b3e9-349124272b1c\", algorithm=\"HmacSHA256\", headers=\"host date (request-target) v-c-merchant-id\", signature=\"M+nAcJ3OYVLvP/5K9WaMDo6IS1PULLiFfMul17UgUsM=\""
[2022-08-23T01:19:50.653Z] [INFO] [ApiClient890067951] : "User-Agent : Mozilla/5.0"
[2022-08-23T01:19:50.654Z] [INFO] [ApiClient890067951] : "************************  LOGGING END  ************************"
[2022-08-23T01:23:32.137Z] [INFO] [MerchantConfig940518425] : "************************ LOGGING START ************************"
[2022-08-23T01:23:32.145Z] [INFO] [ApiClient767790128] : "Authentication Type : http_signature"
[2022-08-23T01:23:32.146Z] [INFO] [ApiClient767790128] : "Request Type : GET"
[2022-08-23T01:23:32.148Z] [INFO] [ApiClient767790128] : "signatureHeader : keyid=\"a2b782ee-08e7-40cd-b3e9-349124272b1c\", algorithm=\"HmacSHA256\", headers=\"host date (request-target) v-c-merchant-id\", signature=\"l/A5/LmqU864QYcDYFD+LfoTyMJzPXnn+lQbDAHT9Hs=\""
[2022-08-23T01:23:32.149Z] [INFO] [ApiClient767790128] : "v-c-merchant-id : 1124854"
[2022-08-23T01:23:32.149Z] [INFO] [ApiClient767790128] : "date : Tue, 23 Aug 2022 01:23:32 GMT"
[2022-08-23T01:23:32.149Z] [INFO] [ApiClient767790128] : "host : apitest.cybersource.com"
[2022-08-23T01:23:32.150Z] [INFO] [ApiClient767790128] : "signature : keyid=\"a2b782ee-08e7-40cd-b3e9-349124272b1c\", algorithm=\"HmacSHA256\", headers=\"host date (request-target) v-c-merchant-id\", signature=\"l/A5/LmqU864QYcDYFD+LfoTyMJzPXnn+lQbDAHT9Hs=\""
[2022-08-23T01:23:32.150Z] [INFO] [ApiClient767790128] : "User-Agent : Mozilla/5.0"
[2022-08-23T01:23:32.150Z] [INFO] [ApiClient767790128] : "************************  LOGGING END  ************************"
[2022-08-23T01:27:40.293Z] [INFO] [MerchantConfig388464290] : "************************ LOGGING START ************************"
[2022-08-23T01:27:40.298Z] [INFO] [ApiClient695961002] : "Authentication Type : http_signature"
[2022-08-23T01:27:40.298Z] [INFO] [ApiClient695961002] : "Request Type : GET"
[2022-08-23T01:27:40.300Z] [INFO] [ApiClient695961002] : "signatureHeader : keyid=\"a2b782ee-08e7-40cd-b3e9-349124272b1c\", algorithm=\"HmacSHA256\", headers=\"host date (request-target) v-c-merchant-id\", signature=\"qy6PkdQNg45taOEZF4Q2F56KAuRTrBta3XY/9W3A/uY=\""
[2022-08-23T01:27:40.301Z] [INFO] [ApiClient695961002] : "v-c-merchant-id : 1124854"
[2022-08-23T01:27:40.301Z] [INFO] [ApiClient695961002] : "date : Tue, 23 Aug 2022 01:27:40 GMT"
[2022-08-23T01:27:40.302Z] [INFO] [ApiClient695961002] : "host : apitest.cybersource.com"
[2022-08-23T01:27:40.302Z] [INFO] [ApiClient695961002] : "signature : keyid=\"a2b782ee-08e7-40cd-b3e9-349124272b1c\", algorithm=\"HmacSHA256\", headers=\"host date (request-target) v-c-merchant-id\", signature=\"qy6PkdQNg45taOEZF4Q2F56KAuRTrBta3XY/9W3A/uY=\""
[2022-08-23T01:27:40.303Z] [INFO] [ApiClient695961002] : "User-Agent : Mozilla/5.0"
[2022-08-23T01:27:40.303Z] [INFO] [ApiClient695961002] : "************************  LOGGING END  ************************"
[2022-08-23T01:40:01.886Z] [INFO] [MerchantConfig709978763] : "************************ LOGGING START ************************"
[2022-08-23T01:40:01.896Z] [INFO] [ApiClient132215865] : "Authentication Type : http_signature"
[2022-08-23T01:40:01.897Z] [INFO] [ApiClient132215865] : "Request Type : GET"
[2022-08-23T01:40:01.900Z] [INFO] [ApiClient132215865] : "signatureHeader : keyid=\"a2b782ee-08e7-40cd-b3e9-349124272b1c\", algorithm=\"HmacSHA256\", headers=\"host date (request-target) v-c-merchant-id\", signature=\"+ZfMIHgB/mddeg1PNgYYNlr7rCV93t3YzYrvG7CNbKY=\""
[2022-08-23T01:40:01.901Z] [INFO] [ApiClient132215865] : "v-c-merchant-id : 1124854"
[2022-08-23T01:40:01.901Z] [INFO] [ApiClient132215865] : "date : Tue, 23 Aug 2022 01:40:01 GMT"
[2022-08-23T01:40:01.901Z] [INFO] [ApiClient132215865] : "host : apitest.cybersource.com"
[2022-08-23T01:40:01.901Z] [INFO] [ApiClient132215865] : "signature : keyid=\"a2b782ee-08e7-40cd-b3e9-349124272b1c\", algorithm=\"HmacSHA256\", headers=\"host date (request-target) v-c-merchant-id\", signature=\"+ZfMIHgB/mddeg1PNgYYNlr7rCV93t3YzYrvG7CNbKY=\""
[2022-08-23T01:40:01.902Z] [INFO] [ApiClient132215865] : "User-Agent : Mozilla/5.0"
[2022-08-23T01:40:01.902Z] [INFO] [ApiClient132215865] : "************************  LOGGING END  ************************"
[2022-08-23T01:41:41.530Z] [INFO] [MerchantConfig103714201] : "************************ LOGGING START ************************"
[2022-08-23T01:41:41.539Z] [INFO] [ApiClient768687243] : "Authentication Type : http_signature"
[2022-08-23T01:41:41.540Z] [INFO] [ApiClient768687243] : "Request Type : GET"
[2022-08-23T01:41:41.542Z] [INFO] [ApiClient768687243] : "signatureHeader : keyid=\"a2b782ee-08e7-40cd-b3e9-349124272b1c\", algorithm=\"HmacSHA256\", headers=\"host date (request-target) v-c-merchant-id\", signature=\"I+WvqcOkbSk9O/15t6okifoohunruiEGGq84Kd0ncCI=\""
[2022-08-23T01:41:41.542Z] [INFO] [ApiClient768687243] : "v-c-merchant-id : 1124854"
[2022-08-23T01:41:41.542Z] [INFO] [ApiClient768687243] : "date : Tue, 23 Aug 2022 01:41:41 GMT"
[2022-08-23T01:41:41.543Z] [INFO] [ApiClient768687243] : "host : apitest.cybersource.com"
[2022-08-23T01:41:41.543Z] [INFO] [ApiClient768687243] : "signature : keyid=\"a2b782ee-08e7-40cd-b3e9-349124272b1c\", algorithm=\"HmacSHA256\", headers=\"host date (request-target) v-c-merchant-id\", signature=\"I+WvqcOkbSk9O/15t6okifoohunruiEGGq84Kd0ncCI=\""
[2022-08-23T01:41:41.543Z] [INFO] [ApiClient768687243] : "User-Agent : Mozilla/5.0"
[2022-08-23T01:41:41.543Z] [INFO] [ApiClient768687243] : "************************  LOGGING END  ************************"
[2022-08-23T01:42:58.650Z] [INFO] [MerchantConfig34155725] : "************************ LOGGING START ************************"
[2022-08-23T01:42:58.659Z] [INFO] [ApiClient294004269] : "Authentication Type : http_signature"
[2022-08-23T01:42:58.659Z] [INFO] [ApiClient294004269] : "Request Type : GET"
[2022-08-23T01:42:58.660Z] [INFO] [ApiClient294004269] : "signatureHeader : keyid=\"a2b782ee-08e7-40cd-b3e9-349124272b1c\", algorithm=\"HmacSHA256\", headers=\"host date (request-target) v-c-merchant-id\", signature=\"Juq0BT4FKYR2d2XoujxZdkrmDcMAu/1shZ+JhMBVTq0=\""
[2022-08-23T01:42:58.661Z] [INFO] [ApiClient294004269] : "v-c-merchant-id : 1124854"
[2022-08-23T01:42:58.661Z] [INFO] [ApiClient294004269] : "date : Tue, 23 Aug 2022 01:42:58 GMT"
[2022-08-23T01:42:58.661Z] [INFO] [ApiClient294004269] : "host : apitest.cybersource.com"
[2022-08-23T01:42:58.661Z] [INFO] [ApiClient294004269] : "signature : keyid=\"a2b782ee-08e7-40cd-b3e9-349124272b1c\", algorithm=\"HmacSHA256\", headers=\"host date (request-target) v-c-merchant-id\", signature=\"Juq0BT4FKYR2d2XoujxZdkrmDcMAu/1shZ+JhMBVTq0=\""
[2022-08-23T01:42:58.661Z] [INFO] [ApiClient294004269] : "User-Agent : Mozilla/5.0"
[2022-08-23T01:42:58.661Z] [INFO] [ApiClient294004269] : "************************  LOGGING END  ************************"
[2022-08-23T01:44:07.939Z] [INFO] [MerchantConfig138458611] : "************************ LOGGING START ************************"
[2022-08-23T01:44:07.944Z] [INFO] [ApiClient815212434] : "Authentication Type : http_signature"
[2022-08-23T01:44:07.944Z] [INFO] [ApiClient815212434] : "Request Type : GET"
[2022-08-23T01:44:07.948Z] [INFO] [ApiClient815212434] : "signatureHeader : keyid=\"a2b782ee-08e7-40cd-b3e9-349124272b1c\", algorithm=\"HmacSHA256\", headers=\"host date (request-target) v-c-merchant-id\", signature=\"sKx1SbkDfWWR/RLcuG5aj9OIVHI1yDuFtNY6LRT5AkQ=\""
[2022-08-23T01:44:07.948Z] [INFO] [ApiClient815212434] : "v-c-merchant-id : 1124854"
[2022-08-23T01:44:07.949Z] [INFO] [ApiClient815212434] : "date : Tue, 23 Aug 2022 01:44:07 GMT"
[2022-08-23T01:44:07.949Z] [INFO] [ApiClient815212434] : "host : apitest.cybersource.com"
[2022-08-23T01:44:07.949Z] [INFO] [ApiClient815212434] : "signature : keyid=\"a2b782ee-08e7-40cd-b3e9-349124272b1c\", algorithm=\"HmacSHA256\", headers=\"host date (request-target) v-c-merchant-id\", signature=\"sKx1SbkDfWWR/RLcuG5aj9OIVHI1yDuFtNY6LRT5AkQ=\""
[2022-08-23T01:44:07.949Z] [INFO] [ApiClient815212434] : "User-Agent : Mozilla/5.0"
[2022-08-23T01:44:07.949Z] [INFO] [ApiClient815212434] : "************************  LOGGING END  ************************"
[2022-08-23T01:48:25.445Z] [INFO] [MerchantConfig351368093] : "************************ LOGGING START ************************"
[2022-08-23T01:48:25.451Z] [INFO] [ApiClient737411409] : "Authentication Type : http_signature"
[2022-08-23T01:48:25.451Z] [INFO] [ApiClient737411409] : "Request Type : GET"
[2022-08-23T01:48:25.457Z] [INFO] [ApiClient737411409] : "signatureHeader : keyid=\"a2b782ee-08e7-40cd-b3e9-349124272b1c\", algorithm=\"HmacSHA256\", headers=\"host date (request-target) v-c-merchant-id\", signature=\"WNXbgJyC2+xh/2uDtOEpHlpV+pucZKOhdDFQ/HrMSZ0=\""
[2022-08-23T01:48:25.458Z] [INFO] [ApiClient737411409] : "v-c-merchant-id : 1124854"
[2022-08-23T01:48:25.458Z] [INFO] [ApiClient737411409] : "date : Tue, 23 Aug 2022 01:48:25 GMT"
[2022-08-23T01:48:25.458Z] [INFO] [ApiClient737411409] : "host : apitest.cybersource.com"
[2022-08-23T01:48:25.459Z] [INFO] [ApiClient737411409] : "signature : keyid=\"a2b782ee-08e7-40cd-b3e9-349124272b1c\", algorithm=\"HmacSHA256\", headers=\"host date (request-target) v-c-merchant-id\", signature=\"WNXbgJyC2+xh/2uDtOEpHlpV+pucZKOhdDFQ/HrMSZ0=\""
[2022-08-23T01:48:25.459Z] [INFO] [ApiClient737411409] : "User-Agent : Mozilla/5.0"
[2022-08-23T01:48:25.459Z] [INFO] [ApiClient737411409] : "************************  LOGGING END  ************************"
[2022-08-23T01:51:30.030Z] [INFO] [MerchantConfig801134596] : "************************ LOGGING START ************************"
[2022-08-23T01:51:30.038Z] [INFO] [ApiClient928773511] : "Authentication Type : http_signature"
[2022-08-23T01:51:30.038Z] [INFO] [ApiClient928773511] : "Request Type : GET"
[2022-08-23T01:51:30.040Z] [INFO] [ApiClient928773511] : "signatureHeader : keyid=\"a2b782ee-08e7-40cd-b3e9-349124272b1c\", algorithm=\"HmacSHA256\", headers=\"host date (request-target) v-c-merchant-id\", signature=\"Va8247geoYp9bfPTbnc3DRWeNp20cFZo4+J50Q6Z9iw=\""
[2022-08-23T01:51:30.040Z] [INFO] [ApiClient928773511] : "v-c-merchant-id : 1124854"
[2022-08-23T01:51:30.040Z] [INFO] [ApiClient928773511] : "date : Tue, 23 Aug 2022 01:51:30 GMT"
[2022-08-23T01:51:30.040Z] [INFO] [ApiClient928773511] : "host : apitest.cybersource.com"
[2022-08-23T01:51:30.041Z] [INFO] [ApiClient928773511] : "signature : keyid=\"a2b782ee-08e7-40cd-b3e9-349124272b1c\", algorithm=\"HmacSHA256\", headers=\"host date (request-target) v-c-merchant-id\", signature=\"Va8247geoYp9bfPTbnc3DRWeNp20cFZo4+J50Q6Z9iw=\""
[2022-08-23T01:51:30.041Z] [INFO] [ApiClient928773511] : "User-Agent : Mozilla/5.0"
[2022-08-23T01:51:30.041Z] [INFO] [ApiClient928773511] : "************************  LOGGING END  ************************"
[2022-08-23T01:52:58.689Z] [INFO] [MerchantConfig524989700] : "************************ LOGGING START ************************"
[2022-08-23T01:52:58.698Z] [INFO] [ApiClient685829278] : "Authentication Type : http_signature"
[2022-08-23T01:52:58.699Z] [INFO] [ApiClient685829278] : "Request Type : GET"
[2022-08-23T01:52:58.700Z] [INFO] [ApiClient685829278] : "signatureHeader : keyid=\"a2b782ee-08e7-40cd-b3e9-349124272b1c\", algorithm=\"HmacSHA256\", headers=\"host date (request-target) v-c-merchant-id\", signature=\"5U/20x3fMUUvGHfskfrWkcA/UxZzCViX8J5v7O+hpuM=\""
[2022-08-23T01:52:58.700Z] [INFO] [ApiClient685829278] : "v-c-merchant-id : 1124854"
[2022-08-23T01:52:58.700Z] [INFO] [ApiClient685829278] : "date : Tue, 23 Aug 2022 01:52:58 GMT"
[2022-08-23T01:52:58.700Z] [INFO] [ApiClient685829278] : "host : apitest.cybersource.com"
[2022-08-23T01:52:58.700Z] [INFO] [ApiClient685829278] : "signature : keyid=\"a2b782ee-08e7-40cd-b3e9-349124272b1c\", algorithm=\"HmacSHA256\", headers=\"host date (request-target) v-c-merchant-id\", signature=\"5U/20x3fMUUvGHfskfrWkcA/UxZzCViX8J5v7O+hpuM=\""
[2022-08-23T01:52:58.700Z] [INFO] [ApiClient685829278] : "User-Agent : Mozilla/5.0"
[2022-08-23T01:52:58.701Z] [INFO] [ApiClient685829278] : "************************  LOGGING END  ************************"
[2022-08-23T01:54:14.529Z] [INFO] [MerchantConfig878102845] : "************************ LOGGING START ************************"
[2022-08-23T01:54:14.536Z] [INFO] [ApiClient315561693] : "Authentication Type : http_signature"
[2022-08-23T01:54:14.537Z] [INFO] [ApiClient315561693] : "Request Type : GET"
[2022-08-23T01:54:14.541Z] [INFO] [ApiClient315561693] : "signatureHeader : keyid=\"a2b782ee-08e7-40cd-b3e9-349124272b1c\", algorithm=\"HmacSHA256\", headers=\"host date (request-target) v-c-merchant-id\", signature=\"aIUvuwuKv1u3D0K8h8g0cjCF2Ya757S3W83Dl7XLoPU=\""
[2022-08-23T01:54:14.541Z] [INFO] [ApiClient315561693] : "v-c-merchant-id : 1124854"
[2022-08-23T01:54:14.541Z] [INFO] [ApiClient315561693] : "date : Tue, 23 Aug 2022 01:54:14 GMT"
[2022-08-23T01:54:14.542Z] [INFO] [ApiClient315561693] : "host : apitest.cybersource.com"
[2022-08-23T01:54:14.542Z] [INFO] [ApiClient315561693] : "signature : keyid=\"a2b782ee-08e7-40cd-b3e9-349124272b1c\", algorithm=\"HmacSHA256\", headers=\"host date (request-target) v-c-merchant-id\", signature=\"aIUvuwuKv1u3D0K8h8g0cjCF2Ya757S3W83Dl7XLoPU=\""
[2022-08-23T01:54:14.542Z] [INFO] [ApiClient315561693] : "User-Agent : Mozilla/5.0"
[2022-08-23T01:54:14.542Z] [INFO] [ApiClient315561693] : "************************  LOGGING END  ************************"
[2022-08-23T01:56:51.006Z] [INFO] [MerchantConfig534718074] : "************************ LOGGING START ************************"
[2022-08-23T01:56:51.012Z] [INFO] [ApiClient423981735] : "Authentication Type : http_signature"
[2022-08-23T01:56:51.013Z] [INFO] [ApiClient423981735] : "Request Type : GET"
[2022-08-23T01:56:51.014Z] [INFO] [ApiClient423981735] : "signatureHeader : keyid=\"a2b782ee-08e7-40cd-b3e9-349124272b1c\", algorithm=\"HmacSHA256\", headers=\"host date (request-target) v-c-merchant-id\", signature=\"PkPNG3rkf/pI06Za8yquVA7PiQRLeROSwQQafR32TdU=\""
[2022-08-23T01:56:51.015Z] [INFO] [ApiClient423981735] : "v-c-merchant-id : 1124854"
[2022-08-23T01:56:51.015Z] [INFO] [ApiClient423981735] : "date : Tue, 23 Aug 2022 01:56:51 GMT"
[2022-08-23T01:56:51.016Z] [INFO] [ApiClient423981735] : "host : apitest.cybersource.com"
[2022-08-23T01:56:51.016Z] [INFO] [ApiClient423981735] : "signature : keyid=\"a2b782ee-08e7-40cd-b3e9-349124272b1c\", algorithm=\"HmacSHA256\", headers=\"host date (request-target) v-c-merchant-id\", signature=\"PkPNG3rkf/pI06Za8yquVA7PiQRLeROSwQQafR32TdU=\""
[2022-08-23T01:56:51.016Z] [INFO] [ApiClient423981735] : "User-Agent : Mozilla/5.0"
[2022-08-23T01:56:51.017Z] [INFO] [ApiClient423981735] : "************************  LOGGING END  ************************"
[2022-08-23T01:59:45.834Z] [INFO] [MerchantConfig212847233] : "************************ LOGGING START ************************"
[2022-08-23T01:59:45.859Z] [INFO] [ApiClient679618217] : "Authentication Type : http_signature"
[2022-08-23T01:59:45.859Z] [INFO] [ApiClient679618217] : "Request Type : GET"
[2022-08-23T01:59:45.861Z] [INFO] [ApiClient679618217] : "signatureHeader : keyid=\"a2b782ee-08e7-40cd-b3e9-349124272b1c\", algorithm=\"HmacSHA256\", headers=\"host date (request-target) v-c-merchant-id\", signature=\"VtU2FgKml8igVuKeIY+rkKisi956vvXmR8CuR4504Cc=\""
[2022-08-23T01:59:45.861Z] [INFO] [ApiClient679618217] : "v-c-merchant-id : 1124854"
[2022-08-23T01:59:45.861Z] [INFO] [ApiClient679618217] : "date : Tue, 23 Aug 2022 01:59:45 GMT"
[2022-08-23T01:59:45.862Z] [INFO] [ApiClient679618217] : "host : apitest.cybersource.com"
[2022-08-23T01:59:45.862Z] [INFO] [ApiClient679618217] : "signature : keyid=\"a2b782ee-08e7-40cd-b3e9-349124272b1c\", algorithm=\"HmacSHA256\", headers=\"host date (request-target) v-c-merchant-id\", signature=\"VtU2FgKml8igVuKeIY+rkKisi956vvXmR8CuR4504Cc=\""
[2022-08-23T01:59:45.862Z] [INFO] [ApiClient679618217] : "User-Agent : Mozilla/5.0"
[2022-08-23T01:59:45.862Z] [INFO] [ApiClient679618217] : "************************  LOGGING END  ************************"
[2022-08-23T02:03:50.348Z] [INFO] [MerchantConfig981983594] : "************************ LOGGING START ************************"
[2022-08-23T02:03:50.356Z] [INFO] [ApiClient468409475] : "Authentication Type : http_signature"
[2022-08-23T02:03:50.357Z] [INFO] [ApiClient468409475] : "Request Type : POST"
[2022-08-23T02:03:50.358Z] [INFO] [ApiClient468409475] : "signatureHeader : keyid=\"a2b782ee-08e7-40cd-b3e9-349124272b1c\", algorithm=\"HmacSHA256\", headers=\"host date (request-target) digest v-c-merchant-id\", signature=\"t+Bg5pYf7fSXlJ+qGdx77Gy2pm8bSPDPkBimGiPgDnw=\""
[2022-08-23T02:03:50.358Z] [INFO] [ApiClient468409475] : "digest : SHA-256=EHLU+e8F7ZjIVvdLAeEdvIVwtZeyYMG5UCYMpTs0YSg="
[2022-08-23T02:03:50.359Z] [INFO] [ApiClient468409475] : "v-c-merchant-id : 1124854"
[2022-08-23T02:03:50.359Z] [INFO] [ApiClient468409475] : "date : Tue, 23 Aug 2022 02:03:50 GMT"
[2022-08-23T02:03:50.359Z] [INFO] [ApiClient468409475] : "host : apitest.cybersource.com"
[2022-08-23T02:03:50.359Z] [INFO] [ApiClient468409475] : "signature : keyid=\"a2b782ee-08e7-40cd-b3e9-349124272b1c\", algorithm=\"HmacSHA256\", headers=\"host date (request-target) digest v-c-merchant-id\", signature=\"t+Bg5pYf7fSXlJ+qGdx77Gy2pm8bSPDPkBimGiPgDnw=\""
[2022-08-23T02:03:50.359Z] [INFO] [ApiClient468409475] : "User-Agent : Mozilla/5.0"
[2022-08-23T02:03:50.360Z] [INFO] [ApiClient468409475] : "************************  LOGGING END  ************************"
[2022-08-23T02:17:29.298Z] [INFO] [MerchantConfig758046724] : "************************ LOGGING START ************************"
[2022-08-23T02:17:29.305Z] [INFO] [ApiClient289048178] : "Authentication Type : http_signature"
[2022-08-23T02:17:29.306Z] [INFO] [ApiClient289048178] : "Request Type : POST"
[2022-08-23T02:17:29.307Z] [INFO] [ApiClient289048178] : "signatureHeader : keyid=\"a2b782ee-08e7-40cd-b3e9-349124272b1c\", algorithm=\"HmacSHA256\", headers=\"host date (request-target) digest v-c-merchant-id\", signature=\"bjNEmnpsgF+UQcQMULTKsvEUxOqsMClDpXnGcxongXE=\""
[2022-08-23T02:17:29.307Z] [INFO] [ApiClient289048178] : "digest : SHA-256=EHLU+e8F7ZjIVvdLAeEdvIVwtZeyYMG5UCYMpTs0YSg="
[2022-08-23T02:17:29.307Z] [INFO] [ApiClient289048178] : "v-c-merchant-id : 1124854"
[2022-08-23T02:17:29.307Z] [INFO] [ApiClient289048178] : "date : Tue, 23 Aug 2022 02:17:29 GMT"
[2022-08-23T02:17:29.307Z] [INFO] [ApiClient289048178] : "host : apitest.cybersource.com"
[2022-08-23T02:17:29.307Z] [INFO] [ApiClient289048178] : "signature : keyid=\"a2b782ee-08e7-40cd-b3e9-349124272b1c\", algorithm=\"HmacSHA256\", headers=\"host date (request-target) digest v-c-merchant-id\", signature=\"bjNEmnpsgF+UQcQMULTKsvEUxOqsMClDpXnGcxongXE=\""
[2022-08-23T02:17:29.308Z] [INFO] [ApiClient289048178] : "User-Agent : Mozilla/5.0"
[2022-08-23T02:17:29.308Z] [INFO] [ApiClient289048178] : "************************  LOGGING END  ************************"
[2022-08-23T02:35:23.747Z] [INFO] [MerchantConfig375850378] : "************************ LOGGING START ************************"
[2022-08-23T02:35:23.756Z] [INFO] [ApiClient719637063] : "Authentication Type : http_signature"
[2022-08-23T02:35:23.756Z] [INFO] [ApiClient719637063] : "Request Type : POST"
[2022-08-23T02:35:23.765Z] [INFO] [ApiClient719637063] : "signatureHeader : keyid=\"a2b782ee-08e7-40cd-b3e9-349124272b1c\", algorithm=\"HmacSHA256\", headers=\"host date (request-target) digest v-c-merchant-id\", signature=\"+5wYrdVLZh3NCarMiHiYjzWsRN7b+tuucOxbCnw47Mk=\""
[2022-08-23T02:35:23.765Z] [INFO] [ApiClient719637063] : "digest : SHA-256=u/u4d3U4M3nB3EzIrByWGg5wug23yWCRUIvnDfLpFzw="
[2022-08-23T02:35:23.765Z] [INFO] [ApiClient719637063] : "v-c-merchant-id : 1124854"
[2022-08-23T02:35:23.766Z] [INFO] [ApiClient719637063] : "date : Tue, 23 Aug 2022 02:35:23 GMT"
[2022-08-23T02:35:23.766Z] [INFO] [ApiClient719637063] : "host : apitest.cybersource.com"
[2022-08-23T02:35:23.766Z] [INFO] [ApiClient719637063] : "signature : keyid=\"a2b782ee-08e7-40cd-b3e9-349124272b1c\", algorithm=\"HmacSHA256\", headers=\"host date (request-target) digest v-c-merchant-id\", signature=\"+5wYrdVLZh3NCarMiHiYjzWsRN7b+tuucOxbCnw47Mk=\""
[2022-08-23T02:35:23.766Z] [INFO] [ApiClient719637063] : "User-Agent : Mozilla/5.0"
[2022-08-23T02:35:23.766Z] [INFO] [ApiClient719637063] : "************************  LOGGING END  ************************"
[2022-08-23T02:37:48.085Z] [INFO] [MerchantConfig949528605] : "************************ LOGGING START ************************"
[2022-08-23T02:37:48.091Z] [INFO] [ApiClient395150338] : "Authentication Type : http_signature"
[2022-08-23T02:37:48.092Z] [INFO] [ApiClient395150338] : "Request Type : POST"
[2022-08-23T02:37:48.093Z] [INFO] [ApiClient395150338] : "signatureHeader : keyid=\"a2b782ee-08e7-40cd-b3e9-349124272b1c\", algorithm=\"HmacSHA256\", headers=\"host date (request-target) digest v-c-merchant-id\", signature=\"GEolVjMm6n2+F4gRSuWlA3qtWFzC1q3zLeQ9iDSEU48=\""
[2022-08-23T02:37:48.093Z] [INFO] [ApiClient395150338] : "digest : SHA-256=u/u4d3U4M3nB3EzIrByWGg5wug23yWCRUIvnDfLpFzw="
[2022-08-23T02:37:48.093Z] [INFO] [ApiClient395150338] : "v-c-merchant-id : 1124854"
[2022-08-23T02:37:48.093Z] [INFO] [ApiClient395150338] : "date : Tue, 23 Aug 2022 02:37:48 GMT"
[2022-08-23T02:37:48.093Z] [INFO] [ApiClient395150338] : "host : apitest.cybersource.com"
[2022-08-23T02:37:48.093Z] [INFO] [ApiClient395150338] : "signature : keyid=\"a2b782ee-08e7-40cd-b3e9-349124272b1c\", algorithm=\"HmacSHA256\", headers=\"host date (request-target) digest v-c-merchant-id\", signature=\"GEolVjMm6n2+F4gRSuWlA3qtWFzC1q3zLeQ9iDSEU48=\""
[2022-08-23T02:37:48.094Z] [INFO] [ApiClient395150338] : "User-Agent : Mozilla/5.0"
[2022-08-23T02:37:48.094Z] [INFO] [ApiClient395150338] : "************************  LOGGING END  ************************"
