[2022-08-29T00:21:02.203Z] [INFO] [MerchantConfig819205678] : "************************ LOGGING START ************************"
[2022-08-29T00:21:02.231Z] [INFO] [MerchantConfig414494270] : "************************ LOGGING START ************************"
[2022-08-29T00:21:02.241Z] [INFO] [ApiClient851516082] : "Authentication Type : http_signature"
[2022-08-29T00:21:02.241Z] [INFO] [ApiClient851516082] : "Request Type : POST"
[2022-08-29T00:21:02.244Z] [INFO] [ApiClient851516082] : "signatureHeader : keyid=\"a2b782ee-08e7-40cd-b3e9-349124272b1c\", algorithm=\"HmacSHA256\", headers=\"host date (request-target) digest v-c-merchant-id\", signature=\"4uhjNfryFIKxEgsHa/v5JoeCyHc2lIDU1CZOOS//bfQ=\""
[2022-08-29T00:21:02.245Z] [INFO] [ApiClient851516082] : "digest : SHA-256=PpR3VN9dDtWE6gqzSUynF5wnaSt6txCO6C3B5NK5jyc="
[2022-08-29T00:21:02.245Z] [INFO] [ApiClient851516082] : "v-c-merchant-id : 1124854"
[2022-08-29T00:21:02.246Z] [INFO] [ApiClient851516082] : "date : Mon, 29 Aug 2022 00:21:02 GMT"
[2022-08-29T00:21:02.246Z] [INFO] [ApiClient851516082] : "host : apitest.cybersource.com"
[2022-08-29T00:21:02.247Z] [INFO] [ApiClient851516082] : "signature : keyid=\"a2b782ee-08e7-40cd-b3e9-349124272b1c\", algorithm=\"HmacSHA256\", headers=\"host date (request-target) digest v-c-merchant-id\", signature=\"4uhjNfryFIKxEgsHa/v5JoeCyHc2lIDU1CZOOS//bfQ=\""
[2022-08-29T00:21:02.247Z] [INFO] [ApiClient851516082] : "User-Agent : Mozilla/5.0"
[2022-08-29T00:21:02.247Z] [INFO] [ApiClient851516082] : "************************  LOGGING END  ************************"
[2022-08-29T00:21:03.040Z] [INFO] [ApiClient805447829] : "Authentication Type : http_signature"
[2022-08-29T00:21:03.041Z] [INFO] [ApiClient805447829] : "Request Type : GET"
[2022-08-29T00:21:03.042Z] [INFO] [ApiClient805447829] : "signatureHeader : keyid=\"a2b782ee-08e7-40cd-b3e9-349124272b1c\", algorithm=\"HmacSHA256\", headers=\"host date (request-target) v-c-merchant-id\", signature=\"EWiZSGsleFdGCj6RD+/xQ0R9b0G9/8Uq0Lr9vMVacrQ=\""
[2022-08-29T00:21:03.042Z] [INFO] [ApiClient805447829] : "v-c-merchant-id : 1124854"
[2022-08-29T00:21:03.043Z] [INFO] [ApiClient805447829] : "date : Mon, 29 Aug 2022 00:21:03 GMT"
[2022-08-29T00:21:03.043Z] [INFO] [ApiClient805447829] : "host : apitest.cybersource.com"
[2022-08-29T00:21:03.043Z] [INFO] [ApiClient805447829] : "signature : keyid=\"a2b782ee-08e7-40cd-b3e9-349124272b1c\", algorithm=\"HmacSHA256\", headers=\"host date (request-target) v-c-merchant-id\", signature=\"EWiZSGsleFdGCj6RD+/xQ0R9b0G9/8Uq0Lr9vMVacrQ=\""
[2022-08-29T00:21:03.044Z] [INFO] [ApiClient805447829] : "User-Agent : Mozilla/5.0"
[2022-08-29T00:21:03.044Z] [INFO] [ApiClient805447829] : "************************  LOGGING END  ************************"
